2023-12-19 07:56:14,679 [Worker-4: Loading available Gradle versions] INFO  o.e.b.c.i.u.g.PublishedGradleVersions - Gradle version information cache is up-to-date. Trying to read.
2023-12-20 07:07:45,140 [Worker-2: Loading available Gradle versions] INFO  o.e.b.c.i.u.g.PublishedGradleVersions - Gradle version information cache is up-to-date. Trying to read.
2023-12-21 07:22:49,920 [Worker-1: Loading available Gradle versions] INFO  o.e.b.c.i.u.g.PublishedGradleVersions - Gradle version information cache is out-of-date. Trying to update.
2023-12-22 07:43:09,591 [Worker-4: Loading available Gradle versions] INFO  o.e.b.c.i.u.g.PublishedGradleVersions - Gradle version information cache is out-of-date. Trying to update.
2023-12-26 07:41:24,529 [Worker-2: Loading available Gradle versions] INFO  o.e.b.c.i.u.g.PublishedGradleVersions - Gradle version information cache is out-of-date. Trying to update.
2023-12-27 07:30:49,264 [Worker-0: Loading available Gradle versions] INFO  o.e.b.c.i.u.g.PublishedGradleVersions - Gradle version information cache is up-to-date. Trying to read.
2023-12-28 07:24:29,147 [Worker-4: Loading available Gradle versions] INFO  o.e.b.c.i.u.g.PublishedGradleVersions - Gradle version information cache is out-of-date. Trying to update.
2023-12-29 07:59:41,294 [Worker-4: Loading available Gradle versions] INFO  o.e.b.c.i.u.g.PublishedGradleVersions - Gradle version information cache is out-of-date. Trying to update.
2024-01-02 07:15:18,753 [Worker-4: Loading available Gradle versions] INFO  o.e.b.c.i.u.g.PublishedGradleVersions - Gradle version information cache is out-of-date. Trying to update.
2024-01-02 20:06:32,251 [Worker-3: Loading available Gradle versions] INFO  o.e.b.c.i.u.g.PublishedGradleVersions - Gradle version information cache is up-to-date. Trying to read.
2024-01-03 07:37:03,192 [Worker-3: Loading available Gradle versions] INFO  o.e.b.c.i.u.g.PublishedGradleVersions - Gradle version information cache is out-of-date. Trying to update.
2024-01-04 07:56:54,735 [Worker-3: Loading available Gradle versions] INFO  o.e.b.c.i.u.g.PublishedGradleVersions - Gradle version information cache is out-of-date. Trying to update.
2024-01-05 08:14:59,772 [Worker-4: Loading available Gradle versions] INFO  o.e.b.c.i.u.g.PublishedGradleVersions - Gradle version information cache is out-of-date. Trying to update.
2024-01-08 07:45:57,010 [Worker-1: Loading available Gradle versions] INFO  o.e.b.c.i.u.g.PublishedGradleVersions - Gradle version information cache is out-of-date. Trying to update.
2024-01-09 07:42:14,609 [Worker-2: Loading available Gradle versions] INFO  o.e.b.c.i.u.g.PublishedGradleVersions - Gradle version information cache is up-to-date. Trying to read.
2024-01-09 15:18:13,085 [Worker-3: Loading available Gradle versions] INFO  o.e.b.c.i.u.g.PublishedGradleVersions - Gradle version information cache is out-of-date. Trying to update.
2024-01-10 07:21:01,624 [Worker-4: Loading available Gradle versions] INFO  o.e.b.c.i.u.g.PublishedGradleVersions - Gradle version information cache is up-to-date. Trying to read.
2024-01-11 07:06:15,245 [Worker-4: Loading available Gradle versions] INFO  o.e.b.c.i.u.g.PublishedGradleVersions - Gradle version information cache is out-of-date. Trying to update.
2024-01-12 07:12:16,393 [Worker-5: Loading available Gradle versions] INFO  o.e.b.c.i.u.g.PublishedGradleVersions - Gradle version information cache is out-of-date. Trying to update.
2024-01-15 07:21:50,158 [Worker-4: Loading available Gradle versions] INFO  o.e.b.c.i.u.g.PublishedGradleVersions - Gradle version information cache is out-of-date. Trying to update.
2024-01-16 07:11:59,098 [Worker-4: Loading available Gradle versions] INFO  o.e.b.c.i.u.g.PublishedGradleVersions - Gradle version information cache is up-to-date. Trying to read.
2024-01-17 07:25:23,981 [Worker-1: Loading available Gradle versions] INFO  o.e.b.c.i.u.g.PublishedGradleVersions - Gradle version information cache is out-of-date. Trying to update.
2024-01-18 07:19:35,540 [Worker-2: Loading available Gradle versions] INFO  o.e.b.c.i.u.g.PublishedGradleVersions - Gradle version information cache is up-to-date. Trying to read.
2024-01-19 07:14:55,228 [Worker-4: Loading available Gradle versions] INFO  o.e.b.c.i.u.g.PublishedGradleVersions - Gradle version information cache is out-of-date. Trying to update.
2024-01-22 07:13:19,652 [Worker-5: Loading available Gradle versions] INFO  o.e.b.c.i.u.g.PublishedGradleVersions - Gradle version information cache is out-of-date. Trying to update.
2024-01-24 07:07:30,063 [Worker-4: Loading available Gradle versions] INFO  o.e.b.c.i.u.g.PublishedGradleVersions - Gradle version information cache is out-of-date. Trying to update.
2024-01-29 07:33:43,692 [Worker-2: Loading available Gradle versions] INFO  o.e.b.c.i.u.g.PublishedGradleVersions - Gradle version information cache is out-of-date. Trying to update.
2024-01-30 07:05:24,868 [Worker-4: Loading available Gradle versions] INFO  o.e.b.c.i.u.g.PublishedGradleVersions - Gradle version information cache is up-to-date. Trying to read.
2024-01-30 15:14:10,117 [Worker-2: Loading available Gradle versions] INFO  o.e.b.c.i.u.g.PublishedGradleVersions - Gradle version information cache is out-of-date. Trying to update.
2024-01-30 20:38:46,337 [Worker-4: Loading available Gradle versions] INFO  o.e.b.c.i.u.g.PublishedGradleVersions - Gradle version information cache is up-to-date. Trying to read.
2024-01-30 20:41:51,965 [Worker-21: Updating Maven Dependencies] INFO  o.e.m.c.i.l.LifecycleMappingFactory - Using org.eclipse.m2e.jdt.JarLifecycleMapping lifecycle mapping for MavenProject: org.job.app:job-portal-app:0.0.1-SNAPSHOT @ C:\job portal\jobportal-backend-main\jobportal-backend-main\pom.xml.
2024-01-30 20:42:03,724 [Worker-19: Building] INFO  o.e.m.c.i.l.LifecycleMappingFactory - Using org.eclipse.m2e.jdt.JarLifecycleMapping lifecycle mapping for MavenProject: org.job.app:job-portal-app:0.0.1-SNAPSHOT @ C:\job portal\jobportal-backend-main\jobportal-backend-main\pom.xml.
2024-01-30 20:42:33,175 [Worker-19: Building] INFO  o.e.m.c.i.embedder.EclipseLogger - Using 'UTF-8' encoding to copy filtered resources.
2024-01-30 20:42:33,175 [Worker-19: Building] INFO  o.e.m.c.i.embedder.EclipseLogger - Using 'UTF-8' encoding to copy filtered properties files.
2024-01-30 20:42:33,188 [Worker-19: Building] INFO  o.e.m.c.i.embedder.EclipseLogger - Copying 1 resource
2024-01-30 20:42:33,273 [Worker-19: Building] INFO  o.e.m.c.i.embedder.EclipseLogger - Copying 0 resource
2024-01-30 20:42:33,280 [Worker-19: Building] INFO  o.e.m.c.i.embedder.EclipseLogger - Using 'UTF-8' encoding to copy filtered resources.
2024-01-30 20:42:33,281 [Worker-19: Building] INFO  o.e.m.c.i.embedder.EclipseLogger - Using 'UTF-8' encoding to copy filtered properties files.
2024-01-30 20:42:33,281 [Worker-19: Building] INFO  o.e.m.c.i.embedder.EclipseLogger - skip non existing resourceDirectory C:\job portal\jobportal-backend-main\jobportal-backend-main\src\test\resources
2024-01-30 20:42:37,412 [Worker-17: Updating Maven Dependencies] INFO  o.e.m.c.i.l.LifecycleMappingFactory - Using org.eclipse.m2e.jdt.JarLifecycleMapping lifecycle mapping for MavenProject: org.job.app:job-portal-app:0.0.1-SNAPSHOT @ C:\job portal\jobportal-backend-main\jobportal-backend-main\pom.xml.
2024-01-30 20:50:49,503 [Worker-26: Updating Maven Project] INFO  o.e.m.c.i.p.ProjectConfigurationManager - Update started
2024-01-30 20:50:50,170 [Worker-26: Updating Maven Project] INFO  o.e.m.c.i.l.LifecycleMappingFactory - Using org.eclipse.m2e.jdt.JarLifecycleMapping lifecycle mapping for MavenProject: org.job.app:job-portal-app:0.0.1-SNAPSHOT @ C:\job portal\jobportal-backend-main\jobportal-backend-main\pom.xml.
2024-01-30 20:50:52,195 [Worker-26: Updating Maven Project] INFO  o.e.m.j.i.AbstractJavaProjectConfigurator - Adding source folder /jobportal-backend-main/src/main/java
2024-01-30 20:50:52,196 [Worker-26: Updating Maven Project] INFO  o.e.m.j.i.AbstractJavaProjectConfigurator - Adding resource folder /jobportal-backend-main/src/main/resources
2024-01-30 20:50:52,196 [Worker-26: Updating Maven Project] INFO  o.e.m.j.i.AbstractJavaProjectConfigurator - Adding resource folder /jobportal-backend-main/src/main/resources
2024-01-30 20:50:52,198 [Worker-26: Updating Maven Project] INFO  o.e.m.j.i.AbstractJavaProjectConfigurator - Adding source folder /jobportal-backend-main/src/test/java
2024-01-30 20:50:52,200 [Worker-26: Updating Maven Project] INFO  o.e.m.j.i.AbstractJavaProjectConfigurator - Adding resource folder /jobportal-backend-main/src/test/resources
2024-01-30 20:50:54,007 [Worker-26: Updating Maven Project] INFO  o.e.m.c.i.p.ProjectConfigurationManager - Update completed for 1 poms: local refresh takes 0.00 sec, refresh facades takes 1.00 sec, update config takes 2.00 sec 
2024-01-30 20:50:55,946 [Worker-4: Building] INFO  o.e.m.c.i.embedder.EclipseLogger - Using 'UTF-8' encoding to copy filtered resources.
2024-01-30 20:50:55,946 [Worker-4: Building] INFO  o.e.m.c.i.embedder.EclipseLogger - Using 'UTF-8' encoding to copy filtered properties files.
2024-01-30 20:50:55,947 [Worker-4: Building] INFO  o.e.m.c.i.embedder.EclipseLogger - Copying 1 resource
2024-01-30 20:50:55,973 [Worker-4: Building] INFO  o.e.m.c.i.embedder.EclipseLogger - Copying 0 resource
2024-01-30 20:50:56,026 [Worker-4: Building] INFO  o.e.m.c.i.embedder.EclipseLogger - Using 'UTF-8' encoding to copy filtered resources.
2024-01-30 20:50:56,026 [Worker-4: Building] INFO  o.e.m.c.i.embedder.EclipseLogger - Using 'UTF-8' encoding to copy filtered properties files.
2024-01-30 20:50:56,026 [Worker-4: Building] INFO  o.e.m.c.i.embedder.EclipseLogger - skip non existing resourceDirectory C:\job portal\jobportal-backend-main\jobportal-backend-main\src\test\resources
2024-01-30 20:53:53,245 [Worker-28: Launching Executing clean in C__job portal_jobportal-backend-main_jobportal-backend-main] INFO  o.eclipse.m2e.core.internal.Bundles - getClasspathEntries(Bundle=org.eclipse.m2e.maven.runtime_3.9.500.20231113-2345 [626])
2024-01-30 20:53:53,247 [Worker-28: Launching Executing clean in C__job portal_jobportal-backend-main_jobportal-backend-main] INFO  o.eclipse.m2e.core.internal.Bundles - 	Entry: C:\Users\Chittaranjan\.p2\pool\plugins\org.eclipse.m2e.maven.runtime_3.9.500.20231113-2345
2024-01-30 20:53:53,247 [Worker-28: Launching Executing clean in C__job portal_jobportal-backend-main_jobportal-backend-main] INFO  o.eclipse.m2e.core.internal.Bundles - 	Entry: C:\Users\Chittaranjan\.p2\pool\plugins\org.eclipse.m2e.maven.runtime_3.9.500.20231113-2345\jars\aopalliance-1.0.jar
2024-01-30 20:53:53,247 [Worker-28: Launching Executing clean in C__job portal_jobportal-backend-main_jobportal-backend-main] INFO  o.eclipse.m2e.core.internal.Bundles - 	Entry: C:\Users\Chittaranjan\.p2\pool\plugins\org.eclipse.m2e.maven.runtime_3.9.500.20231113-2345\jars\guice-5.1.0.jar
2024-01-30 20:53:53,248 [Worker-28: Launching Executing clean in C__job portal_jobportal-backend-main_jobportal-backend-main] INFO  o.eclipse.m2e.core.internal.Bundles - 	Entry: C:\Users\Chittaranjan\.p2\pool\plugins\org.eclipse.m2e.maven.runtime_3.9.500.20231113-2345\jars\httpclient-4.5.14.jar
2024-01-30 20:53:53,249 [Worker-28: Launching Executing clean in C__job portal_jobportal-backend-main_jobportal-backend-main] INFO  o.eclipse.m2e.core.internal.Bundles - 	Entry: C:\Users\Chittaranjan\.p2\pool\plugins\org.eclipse.m2e.maven.runtime_3.9.500.20231113-2345\jars\httpcore-4.4.16.jar
2024-01-30 20:53:53,249 [Worker-28: Launching Executing clean in C__job portal_jobportal-backend-main_jobportal-backend-main] INFO  o.eclipse.m2e.core.internal.Bundles - 	Entry: C:\Users\Chittaranjan\.p2\pool\plugins\org.eclipse.m2e.maven.runtime_3.9.500.20231113-2345\jars\jansi-2.4.0.jar
2024-01-30 20:53:53,250 [Worker-28: Launching Executing clean in C__job portal_jobportal-backend-main_jobportal-backend-main] INFO  o.eclipse.m2e.core.internal.Bundles - 	Entry: C:\Users\Chittaranjan\.p2\pool\plugins\org.eclipse.m2e.maven.runtime_3.9.500.20231113-2345\jars\jcl-over-slf4j-1.7.36.jar
2024-01-30 20:53:53,250 [Worker-28: Launching Executing clean in C__job portal_jobportal-backend-main_jobportal-backend-main] INFO  o.eclipse.m2e.core.internal.Bundles - 	Entry: C:\Users\Chittaranjan\.p2\pool\plugins\org.eclipse.m2e.maven.runtime_3.9.500.20231113-2345\jars\maven-artifact-3.9.5.jar
2024-01-30 20:53:53,251 [Worker-28: Launching Executing clean in C__job portal_jobportal-backend-main_jobportal-backend-main] INFO  o.eclipse.m2e.core.internal.Bundles - 	Entry: C:\Users\Chittaranjan\.p2\pool\plugins\org.eclipse.m2e.maven.runtime_3.9.500.20231113-2345\jars\maven-builder-support-3.9.5.jar
2024-01-30 20:53:53,251 [Worker-28: Launching Executing clean in C__job portal_jobportal-backend-main_jobportal-backend-main] INFO  o.eclipse.m2e.core.internal.Bundles - 	Entry: C:\Users\Chittaranjan\.p2\pool\plugins\org.eclipse.m2e.maven.runtime_3.9.500.20231113-2345\jars\maven-compat-3.9.5.jar
2024-01-30 20:53:53,252 [Worker-28: Launching Executing clean in C__job portal_jobportal-backend-main_jobportal-backend-main] INFO  o.eclipse.m2e.core.internal.Bundles - 	Entry: C:\Users\Chittaranjan\.p2\pool\plugins\org.eclipse.m2e.maven.runtime_3.9.500.20231113-2345\jars\maven-core-3.9.5.jar
2024-01-30 20:53:53,252 [Worker-28: Launching Executing clean in C__job portal_jobportal-backend-main_jobportal-backend-main] INFO  o.eclipse.m2e.core.internal.Bundles - 	Entry: C:\Users\Chittaranjan\.p2\pool\plugins\org.eclipse.m2e.maven.runtime_3.9.500.20231113-2345\jars\maven-embedder-3.9.5.jar
2024-01-30 20:53:53,252 [Worker-28: Launching Executing clean in C__job portal_jobportal-backend-main_jobportal-backend-main] INFO  o.eclipse.m2e.core.internal.Bundles - 	Entry: C:\Users\Chittaranjan\.p2\pool\plugins\org.eclipse.m2e.maven.runtime_3.9.500.20231113-2345\jars\maven-model-3.9.5.jar
2024-01-30 20:53:53,252 [Worker-28: Launching Executing clean in C__job portal_jobportal-backend-main_jobportal-backend-main] INFO  o.eclipse.m2e.core.internal.Bundles - 	Entry: C:\Users\Chittaranjan\.p2\pool\plugins\org.eclipse.m2e.maven.runtime_3.9.500.20231113-2345\jars\maven-model-builder-3.9.5.jar
2024-01-30 20:53:53,252 [Worker-28: Launching Executing clean in C__job portal_jobportal-backend-main_jobportal-backend-main] INFO  o.eclipse.m2e.core.internal.Bundles - 	Entry: C:\Users\Chittaranjan\.p2\pool\plugins\org.eclipse.m2e.maven.runtime_3.9.500.20231113-2345\jars\maven-plugin-api-3.9.5.jar
2024-01-30 20:53:53,253 [Worker-28: Launching Executing clean in C__job portal_jobportal-backend-main_jobportal-backend-main] INFO  o.eclipse.m2e.core.internal.Bundles - 	Entry: C:\Users\Chittaranjan\.p2\pool\plugins\org.eclipse.m2e.maven.runtime_3.9.500.20231113-2345\jars\maven-repository-metadata-3.9.5.jar
2024-01-30 20:53:53,253 [Worker-28: Launching Executing clean in C__job portal_jobportal-backend-main_jobportal-backend-main] INFO  o.eclipse.m2e.core.internal.Bundles - 	Entry: C:\Users\Chittaranjan\.p2\pool\plugins\org.eclipse.m2e.maven.runtime_3.9.500.20231113-2345\jars\maven-resolver-api-1.9.16.jar
2024-01-30 20:53:53,253 [Worker-28: Launching Executing clean in C__job portal_jobportal-backend-main_jobportal-backend-main] INFO  o.eclipse.m2e.core.internal.Bundles - 	Entry: C:\Users\Chittaranjan\.p2\pool\plugins\org.eclipse.m2e.maven.runtime_3.9.500.20231113-2345\jars\maven-resolver-connector-basic-1.9.16.jar
2024-01-30 20:53:53,253 [Worker-28: Launching Executing clean in C__job portal_jobportal-backend-main_jobportal-backend-main] INFO  o.eclipse.m2e.core.internal.Bundles - 	Entry: C:\Users\Chittaranjan\.p2\pool\plugins\org.eclipse.m2e.maven.runtime_3.9.500.20231113-2345\jars\maven-resolver-impl-1.9.16.jar
2024-01-30 20:53:53,253 [Worker-28: Launching Executing clean in C__job portal_jobportal-backend-main_jobportal-backend-main] INFO  o.eclipse.m2e.core.internal.Bundles - 	Entry: C:\Users\Chittaranjan\.p2\pool\plugins\org.eclipse.m2e.maven.runtime_3.9.500.20231113-2345\jars\maven-resolver-named-locks-1.9.16.jar
2024-01-30 20:53:53,253 [Worker-28: Launching Executing clean in C__job portal_jobportal-backend-main_jobportal-backend-main] INFO  o.eclipse.m2e.core.internal.Bundles - 	Entry: C:\Users\Chittaranjan\.p2\pool\plugins\org.eclipse.m2e.maven.runtime_3.9.500.20231113-2345\jars\maven-resolver-provider-3.9.5.jar
2024-01-30 20:53:53,254 [Worker-28: Launching Executing clean in C__job portal_jobportal-backend-main_jobportal-backend-main] INFO  o.eclipse.m2e.core.internal.Bundles - 	Entry: C:\Users\Chittaranjan\.p2\pool\plugins\org.eclipse.m2e.maven.runtime_3.9.500.20231113-2345\jars\maven-resolver-spi-1.9.16.jar
2024-01-30 20:53:53,254 [Worker-28: Launching Executing clean in C__job portal_jobportal-backend-main_jobportal-backend-main] INFO  o.eclipse.m2e.core.internal.Bundles - 	Entry: C:\Users\Chittaranjan\.p2\pool\plugins\org.eclipse.m2e.maven.runtime_3.9.500.20231113-2345\jars\maven-resolver-transport-file-1.9.16.jar
2024-01-30 20:53:53,254 [Worker-28: Launching Executing clean in C__job portal_jobportal-backend-main_jobportal-backend-main] INFO  o.eclipse.m2e.core.internal.Bundles - 	Entry: C:\Users\Chittaranjan\.p2\pool\plugins\org.eclipse.m2e.maven.runtime_3.9.500.20231113-2345\jars\maven-resolver-transport-http-1.9.16.jar
2024-01-30 20:53:53,254 [Worker-28: Launching Executing clean in C__job portal_jobportal-backend-main_jobportal-backend-main] INFO  o.eclipse.m2e.core.internal.Bundles - 	Entry: C:\Users\Chittaranjan\.p2\pool\plugins\org.eclipse.m2e.maven.runtime_3.9.500.20231113-2345\jars\maven-resolver-transport-wagon-1.9.16.jar
2024-01-30 20:53:53,254 [Worker-28: Launching Executing clean in C__job portal_jobportal-backend-main_jobportal-backend-main] INFO  o.eclipse.m2e.core.internal.Bundles - 	Entry: C:\Users\Chittaranjan\.p2\pool\plugins\org.eclipse.m2e.maven.runtime_3.9.500.20231113-2345\jars\maven-resolver-util-1.9.16.jar
2024-01-30 20:53:53,255 [Worker-28: Launching Executing clean in C__job portal_jobportal-backend-main_jobportal-backend-main] INFO  o.eclipse.m2e.core.internal.Bundles - 	Entry: C:\Users\Chittaranjan\.p2\pool\plugins\org.eclipse.m2e.maven.runtime_3.9.500.20231113-2345\jars\maven-settings-3.9.5.jar
2024-01-30 20:53:53,255 [Worker-28: Launching Executing clean in C__job portal_jobportal-backend-main_jobportal-backend-main] INFO  o.eclipse.m2e.core.internal.Bundles - 	Entry: C:\Users\Chittaranjan\.p2\pool\plugins\org.eclipse.m2e.maven.runtime_3.9.500.20231113-2345\jars\maven-settings-builder-3.9.5.jar
2024-01-30 20:53:53,255 [Worker-28: Launching Executing clean in C__job portal_jobportal-backend-main_jobportal-backend-main] INFO  o.eclipse.m2e.core.internal.Bundles - 	Entry: C:\Users\Chittaranjan\.p2\pool\plugins\org.eclipse.m2e.maven.runtime_3.9.500.20231113-2345\jars\maven-shared-utils-3.3.4.jar
2024-01-30 20:53:53,255 [Worker-28: Launching Executing clean in C__job portal_jobportal-backend-main_jobportal-backend-main] INFO  o.eclipse.m2e.core.internal.Bundles - 	Entry: C:\Users\Chittaranjan\.p2\pool\plugins\org.eclipse.m2e.maven.runtime_3.9.500.20231113-2345\jars\org.eclipse.sisu.inject-0.3.5.jar
2024-01-30 20:53:53,255 [Worker-28: Launching Executing clean in C__job portal_jobportal-backend-main_jobportal-backend-main] INFO  o.eclipse.m2e.core.internal.Bundles - 	Entry: C:\Users\Chittaranjan\.p2\pool\plugins\org.eclipse.m2e.maven.runtime_3.9.500.20231113-2345\jars\org.eclipse.sisu.plexus-0.3.5.jar
2024-01-30 20:53:53,255 [Worker-28: Launching Executing clean in C__job portal_jobportal-backend-main_jobportal-backend-main] INFO  o.eclipse.m2e.core.internal.Bundles - 	Entry: C:\Users\Chittaranjan\.p2\pool\plugins\org.eclipse.m2e.maven.runtime_3.9.500.20231113-2345\jars\plexus-build-api-0.0.7.jar
2024-01-30 20:53:53,256 [Worker-28: Launching Executing clean in C__job portal_jobportal-backend-main_jobportal-backend-main] INFO  o.eclipse.m2e.core.internal.Bundles - 	Entry: C:\Users\Chittaranjan\.p2\pool\plugins\org.eclipse.m2e.maven.runtime_3.9.500.20231113-2345\jars\plexus-cipher-2.0.jar
2024-01-30 20:53:53,256 [Worker-28: Launching Executing clean in C__job portal_jobportal-backend-main_jobportal-backend-main] INFO  o.eclipse.m2e.core.internal.Bundles - 	Entry: C:\Users\Chittaranjan\.p2\pool\plugins\org.eclipse.m2e.maven.runtime_3.9.500.20231113-2345\jars\plexus-classworlds-2.7.0.jar
2024-01-30 20:53:53,256 [Worker-28: Launching Executing clean in C__job portal_jobportal-backend-main_jobportal-backend-main] INFO  o.eclipse.m2e.core.internal.Bundles - 	Entry: C:\Users\Chittaranjan\.p2\pool\plugins\org.eclipse.m2e.maven.runtime_3.9.500.20231113-2345\jars\plexus-component-annotations-2.1.0.jar
2024-01-30 20:53:53,258 [Worker-28: Launching Executing clean in C__job portal_jobportal-backend-main_jobportal-backend-main] INFO  o.eclipse.m2e.core.internal.Bundles - 	Entry: C:\Users\Chittaranjan\.p2\pool\plugins\org.eclipse.m2e.maven.runtime_3.9.500.20231113-2345\jars\plexus-interpolation-1.26.jar
2024-01-30 20:53:53,258 [Worker-28: Launching Executing clean in C__job portal_jobportal-backend-main_jobportal-backend-main] INFO  o.eclipse.m2e.core.internal.Bundles - 	Entry: C:\Users\Chittaranjan\.p2\pool\plugins\org.eclipse.m2e.maven.runtime_3.9.500.20231113-2345\jars\plexus-sec-dispatcher-2.0.jar
2024-01-30 20:53:53,258 [Worker-28: Launching Executing clean in C__job portal_jobportal-backend-main_jobportal-backend-main] INFO  o.eclipse.m2e.core.internal.Bundles - 	Entry: C:\Users\Chittaranjan\.p2\pool\plugins\org.eclipse.m2e.maven.runtime_3.9.500.20231113-2345\jars\plexus-utils-3.5.1.jar
2024-01-30 20:53:53,258 [Worker-28: Launching Executing clean in C__job portal_jobportal-backend-main_jobportal-backend-main] INFO  o.eclipse.m2e.core.internal.Bundles - 	Entry: C:\Users\Chittaranjan\.p2\pool\plugins\org.eclipse.m2e.maven.runtime_3.9.500.20231113-2345\jars\wagon-file-3.5.3.jar
2024-01-30 20:53:53,258 [Worker-28: Launching Executing clean in C__job portal_jobportal-backend-main_jobportal-backend-main] INFO  o.eclipse.m2e.core.internal.Bundles - 	Entry: C:\Users\Chittaranjan\.p2\pool\plugins\org.eclipse.m2e.maven.runtime_3.9.500.20231113-2345\jars\wagon-http-3.5.3.jar
2024-01-30 20:53:53,258 [Worker-28: Launching Executing clean in C__job portal_jobportal-backend-main_jobportal-backend-main] INFO  o.eclipse.m2e.core.internal.Bundles - 	Entry: C:\Users\Chittaranjan\.p2\pool\plugins\org.eclipse.m2e.maven.runtime_3.9.500.20231113-2345\jars\wagon-http-shared-3.5.3.jar
2024-01-30 20:53:53,258 [Worker-28: Launching Executing clean in C__job portal_jobportal-backend-main_jobportal-backend-main] INFO  o.eclipse.m2e.core.internal.Bundles - 	Entry: C:\Users\Chittaranjan\.p2\pool\plugins\org.eclipse.m2e.maven.runtime_3.9.500.20231113-2345\jars\wagon-provider-api-3.5.3.jar
2024-01-30 20:53:53,261 [Worker-28: Launching Executing clean in C__job portal_jobportal-backend-main_jobportal-backend-main] INFO  o.eclipse.m2e.core.internal.Bundles - getClasspathEntries(Bundle=com.google.guava_32.1.3.jre [12])
2024-01-30 20:53:53,261 [Worker-28: Launching Executing clean in C__job portal_jobportal-backend-main_jobportal-backend-main] INFO  o.eclipse.m2e.core.internal.Bundles - 	Entry: C:\Users\Chittaranjan\.p2\pool\plugins\com.google.guava_32.1.3.jre.jar
2024-01-30 20:53:53,261 [Worker-28: Launching Executing clean in C__job portal_jobportal-backend-main_jobportal-backend-main] INFO  o.eclipse.m2e.core.internal.Bundles - getClasspathEntries(Bundle=slf4j.api_2.0.9 [986])
2024-01-30 20:53:53,262 [Worker-28: Launching Executing clean in C__job portal_jobportal-backend-main_jobportal-backend-main] INFO  o.eclipse.m2e.core.internal.Bundles - 	Entry: C:\Users\Chittaranjan\.p2\pool\plugins\slf4j.api_2.0.9.jar
2024-01-30 20:53:53,262 [Worker-28: Launching Executing clean in C__job portal_jobportal-backend-main_jobportal-backend-main] INFO  o.eclipse.m2e.core.internal.Bundles - getClasspathEntries(Bundle=jakarta.inject.jakarta.inject-api_1.0.5 [29])
2024-01-30 20:53:53,262 [Worker-28: Launching Executing clean in C__job portal_jobportal-backend-main_jobportal-backend-main] INFO  o.eclipse.m2e.core.internal.Bundles - 	Entry: C:\Users\Chittaranjan\.p2\pool\plugins\jakarta.inject.jakarta.inject-api_1.0.5.jar
2024-01-30 20:53:53,262 [Worker-28: Launching Executing clean in C__job portal_jobportal-backend-main_jobportal-backend-main] INFO  o.eclipse.m2e.core.internal.Bundles - getClasspathEntries(Bundle=jakarta.annotation-api_1.3.5 [24])
2024-01-30 20:53:53,263 [Worker-28: Launching Executing clean in C__job portal_jobportal-backend-main_jobportal-backend-main] INFO  o.eclipse.m2e.core.internal.Bundles - 	Entry: C:\Users\Chittaranjan\.p2\pool\plugins\jakarta.annotation-api_1.3.5.jar
2024-01-30 20:53:53,263 [Worker-28: Launching Executing clean in C__job portal_jobportal-backend-main_jobportal-backend-main] INFO  o.eclipse.m2e.core.internal.Bundles - getClasspathEntries(Bundle=org.apache.commons.cli_1.6.0 [71])
2024-01-30 20:53:53,263 [Worker-28: Launching Executing clean in C__job portal_jobportal-backend-main_jobportal-backend-main] INFO  o.eclipse.m2e.core.internal.Bundles - 	Entry: C:\Users\Chittaranjan\.p2\pool\plugins\org.apache.commons.cli_1.6.0.jar
2024-01-30 20:53:53,263 [Worker-28: Launching Executing clean in C__job portal_jobportal-backend-main_jobportal-backend-main] INFO  o.eclipse.m2e.core.internal.Bundles - getClasspathEntries(Bundle=org.apache.commons.commons-codec_1.16.0 [75])
2024-01-30 20:53:53,264 [Worker-28: Launching Executing clean in C__job portal_jobportal-backend-main_jobportal-backend-main] INFO  o.eclipse.m2e.core.internal.Bundles - 	Entry: C:\Users\Chittaranjan\.p2\pool\plugins\org.apache.commons.commons-codec_1.16.0.jar
2024-01-30 20:53:53,264 [Worker-28: Launching Executing clean in C__job portal_jobportal-backend-main_jobportal-backend-main] INFO  o.eclipse.m2e.core.internal.Bundles - getClasspathEntries(Bundle=org.apache.commons.lang3_3.13.0 [82])
2024-01-30 20:53:53,265 [Worker-28: Launching Executing clean in C__job portal_jobportal-backend-main_jobportal-backend-main] INFO  o.eclipse.m2e.core.internal.Bundles - 	Entry: C:\Users\Chittaranjan\.p2\pool\plugins\org.apache.commons.lang3_3.13.0.jar
2024-01-30 20:53:53,265 [Worker-28: Launching Executing clean in C__job portal_jobportal-backend-main_jobportal-backend-main] INFO  o.eclipse.m2e.core.internal.Bundles - getClasspathEntries(Bundle=com.google.guava.failureaccess_1.0.2 [13])
2024-01-30 20:53:53,265 [Worker-28: Launching Executing clean in C__job portal_jobportal-backend-main_jobportal-backend-main] INFO  o.eclipse.m2e.core.internal.Bundles - 	Entry: C:\Users\Chittaranjan\.p2\pool\plugins\com.google.guava.failureaccess_1.0.2.jar
2024-01-30 20:53:53,269 [Worker-28: Launching Executing clean in C__job portal_jobportal-backend-main_jobportal-backend-main] INFO  o.e.m.i.launch.MavenLaunchDelegate - Run build in "C:\job portal\jobportal-backend-main\jobportal-backend-main":
2024-01-30 20:53:53,286 [Worker-28: Launching Executing clean in C__job portal_jobportal-backend-main_jobportal-backend-main] INFO  o.e.m.i.launch.MavenLaunchDelegate -  mvn  -B -Dstyle.color=always clean
2024-01-30 20:54:06,192 [Worker-26: Launching Executing install in C__job portal_jobportal-backend-main_jobportal-backend-main] INFO  o.eclipse.m2e.core.internal.Bundles - getClasspathEntries(Bundle=org.eclipse.m2e.maven.runtime_3.9.500.20231113-2345 [626])
2024-01-30 20:54:06,193 [Worker-26: Launching Executing install in C__job portal_jobportal-backend-main_jobportal-backend-main] INFO  o.eclipse.m2e.core.internal.Bundles - 	Entry: C:\Users\Chittaranjan\.p2\pool\plugins\org.eclipse.m2e.maven.runtime_3.9.500.20231113-2345
2024-01-30 20:54:06,193 [Worker-26: Launching Executing install in C__job portal_jobportal-backend-main_jobportal-backend-main] INFO  o.eclipse.m2e.core.internal.Bundles - 	Entry: C:\Users\Chittaranjan\.p2\pool\plugins\org.eclipse.m2e.maven.runtime_3.9.500.20231113-2345\jars\aopalliance-1.0.jar
2024-01-30 20:54:06,193 [Worker-26: Launching Executing install in C__job portal_jobportal-backend-main_jobportal-backend-main] INFO  o.eclipse.m2e.core.internal.Bundles - 	Entry: C:\Users\Chittaranjan\.p2\pool\plugins\org.eclipse.m2e.maven.runtime_3.9.500.20231113-2345\jars\guice-5.1.0.jar
2024-01-30 20:54:06,194 [Worker-26: Launching Executing install in C__job portal_jobportal-backend-main_jobportal-backend-main] INFO  o.eclipse.m2e.core.internal.Bundles - 	Entry: C:\Users\Chittaranjan\.p2\pool\plugins\org.eclipse.m2e.maven.runtime_3.9.500.20231113-2345\jars\httpclient-4.5.14.jar
2024-01-30 20:54:06,195 [Worker-26: Launching Executing install in C__job portal_jobportal-backend-main_jobportal-backend-main] INFO  o.eclipse.m2e.core.internal.Bundles - 	Entry: C:\Users\Chittaranjan\.p2\pool\plugins\org.eclipse.m2e.maven.runtime_3.9.500.20231113-2345\jars\httpcore-4.4.16.jar
2024-01-30 20:54:06,195 [Worker-26: Launching Executing install in C__job portal_jobportal-backend-main_jobportal-backend-main] INFO  o.eclipse.m2e.core.internal.Bundles - 	Entry: C:\Users\Chittaranjan\.p2\pool\plugins\org.eclipse.m2e.maven.runtime_3.9.500.20231113-2345\jars\jansi-2.4.0.jar
2024-01-30 20:54:06,196 [Worker-26: Launching Executing install in C__job portal_jobportal-backend-main_jobportal-backend-main] INFO  o.eclipse.m2e.core.internal.Bundles - 	Entry: C:\Users\Chittaranjan\.p2\pool\plugins\org.eclipse.m2e.maven.runtime_3.9.500.20231113-2345\jars\jcl-over-slf4j-1.7.36.jar
2024-01-30 20:54:06,196 [Worker-26: Launching Executing install in C__job portal_jobportal-backend-main_jobportal-backend-main] INFO  o.eclipse.m2e.core.internal.Bundles - 	Entry: C:\Users\Chittaranjan\.p2\pool\plugins\org.eclipse.m2e.maven.runtime_3.9.500.20231113-2345\jars\maven-artifact-3.9.5.jar
2024-01-30 20:54:06,196 [Worker-26: Launching Executing install in C__job portal_jobportal-backend-main_jobportal-backend-main] INFO  o.eclipse.m2e.core.internal.Bundles - 	Entry: C:\Users\Chittaranjan\.p2\pool\plugins\org.eclipse.m2e.maven.runtime_3.9.500.20231113-2345\jars\maven-builder-support-3.9.5.jar
2024-01-30 20:54:06,197 [Worker-26: Launching Executing install in C__job portal_jobportal-backend-main_jobportal-backend-main] INFO  o.eclipse.m2e.core.internal.Bundles - 	Entry: C:\Users\Chittaranjan\.p2\pool\plugins\org.eclipse.m2e.maven.runtime_3.9.500.20231113-2345\jars\maven-compat-3.9.5.jar
2024-01-30 20:54:06,197 [Worker-26: Launching Executing install in C__job portal_jobportal-backend-main_jobportal-backend-main] INFO  o.eclipse.m2e.core.internal.Bundles - 	Entry: C:\Users\Chittaranjan\.p2\pool\plugins\org.eclipse.m2e.maven.runtime_3.9.500.20231113-2345\jars\maven-core-3.9.5.jar
2024-01-30 20:54:06,197 [Worker-26: Launching Executing install in C__job portal_jobportal-backend-main_jobportal-backend-main] INFO  o.eclipse.m2e.core.internal.Bundles - 	Entry: C:\Users\Chittaranjan\.p2\pool\plugins\org.eclipse.m2e.maven.runtime_3.9.500.20231113-2345\jars\maven-embedder-3.9.5.jar
2024-01-30 20:54:06,198 [Worker-26: Launching Executing install in C__job portal_jobportal-backend-main_jobportal-backend-main] INFO  o.eclipse.m2e.core.internal.Bundles - 	Entry: C:\Users\Chittaranjan\.p2\pool\plugins\org.eclipse.m2e.maven.runtime_3.9.500.20231113-2345\jars\maven-model-3.9.5.jar
2024-01-30 20:54:06,198 [Worker-26: Launching Executing install in C__job portal_jobportal-backend-main_jobportal-backend-main] INFO  o.eclipse.m2e.core.internal.Bundles - 	Entry: C:\Users\Chittaranjan\.p2\pool\plugins\org.eclipse.m2e.maven.runtime_3.9.500.20231113-2345\jars\maven-model-builder-3.9.5.jar
2024-01-30 20:54:06,198 [Worker-26: Launching Executing install in C__job portal_jobportal-backend-main_jobportal-backend-main] INFO  o.eclipse.m2e.core.internal.Bundles - 	Entry: C:\Users\Chittaranjan\.p2\pool\plugins\org.eclipse.m2e.maven.runtime_3.9.500.20231113-2345\jars\maven-plugin-api-3.9.5.jar
2024-01-30 20:54:06,198 [Worker-26: Launching Executing install in C__job portal_jobportal-backend-main_jobportal-backend-main] INFO  o.eclipse.m2e.core.internal.Bundles - 	Entry: C:\Users\Chittaranjan\.p2\pool\plugins\org.eclipse.m2e.maven.runtime_3.9.500.20231113-2345\jars\maven-repository-metadata-3.9.5.jar
2024-01-30 20:54:06,199 [Worker-26: Launching Executing install in C__job portal_jobportal-backend-main_jobportal-backend-main] INFO  o.eclipse.m2e.core.internal.Bundles - 	Entry: C:\Users\Chittaranjan\.p2\pool\plugins\org.eclipse.m2e.maven.runtime_3.9.500.20231113-2345\jars\maven-resolver-api-1.9.16.jar
2024-01-30 20:54:06,199 [Worker-26: Launching Executing install in C__job portal_jobportal-backend-main_jobportal-backend-main] INFO  o.eclipse.m2e.core.internal.Bundles - 	Entry: C:\Users\Chittaranjan\.p2\pool\plugins\org.eclipse.m2e.maven.runtime_3.9.500.20231113-2345\jars\maven-resolver-connector-basic-1.9.16.jar
2024-01-30 20:54:06,199 [Worker-26: Launching Executing install in C__job portal_jobportal-backend-main_jobportal-backend-main] INFO  o.eclipse.m2e.core.internal.Bundles - 	Entry: C:\Users\Chittaranjan\.p2\pool\plugins\org.eclipse.m2e.maven.runtime_3.9.500.20231113-2345\jars\maven-resolver-impl-1.9.16.jar
2024-01-30 20:54:06,200 [Worker-26: Launching Executing install in C__job portal_jobportal-backend-main_jobportal-backend-main] INFO  o.eclipse.m2e.core.internal.Bundles - 	Entry: C:\Users\Chittaranjan\.p2\pool\plugins\org.eclipse.m2e.maven.runtime_3.9.500.20231113-2345\jars\maven-resolver-named-locks-1.9.16.jar
2024-01-30 20:54:06,200 [Worker-26: Launching Executing install in C__job portal_jobportal-backend-main_jobportal-backend-main] INFO  o.eclipse.m2e.core.internal.Bundles - 	Entry: C:\Users\Chittaranjan\.p2\pool\plugins\org.eclipse.m2e.maven.runtime_3.9.500.20231113-2345\jars\maven-resolver-provider-3.9.5.jar
2024-01-30 20:54:06,200 [Worker-26: Launching Executing install in C__job portal_jobportal-backend-main_jobportal-backend-main] INFO  o.eclipse.m2e.core.internal.Bundles - 	Entry: C:\Users\Chittaranjan\.p2\pool\plugins\org.eclipse.m2e.maven.runtime_3.9.500.20231113-2345\jars\maven-resolver-spi-1.9.16.jar
2024-01-30 20:54:06,200 [Worker-26: Launching Executing install in C__job portal_jobportal-backend-main_jobportal-backend-main] INFO  o.eclipse.m2e.core.internal.Bundles - 	Entry: C:\Users\Chittaranjan\.p2\pool\plugins\org.eclipse.m2e.maven.runtime_3.9.500.20231113-2345\jars\maven-resolver-transport-file-1.9.16.jar
2024-01-30 20:54:06,201 [Worker-26: Launching Executing install in C__job portal_jobportal-backend-main_jobportal-backend-main] INFO  o.eclipse.m2e.core.internal.Bundles - 	Entry: C:\Users\Chittaranjan\.p2\pool\plugins\org.eclipse.m2e.maven.runtime_3.9.500.20231113-2345\jars\maven-resolver-transport-http-1.9.16.jar
2024-01-30 20:54:06,202 [Worker-26: Launching Executing install in C__job portal_jobportal-backend-main_jobportal-backend-main] INFO  o.eclipse.m2e.core.internal.Bundles - 	Entry: C:\Users\Chittaranjan\.p2\pool\plugins\org.eclipse.m2e.maven.runtime_3.9.500.20231113-2345\jars\maven-resolver-transport-wagon-1.9.16.jar
2024-01-30 20:54:06,202 [Worker-26: Launching Executing install in C__job portal_jobportal-backend-main_jobportal-backend-main] INFO  o.eclipse.m2e.core.internal.Bundles - 	Entry: C:\Users\Chittaranjan\.p2\pool\plugins\org.eclipse.m2e.maven.runtime_3.9.500.20231113-2345\jars\maven-resolver-util-1.9.16.jar
2024-01-30 20:54:06,202 [Worker-26: Launching Executing install in C__job portal_jobportal-backend-main_jobportal-backend-main] INFO  o.eclipse.m2e.core.internal.Bundles - 	Entry: C:\Users\Chittaranjan\.p2\pool\plugins\org.eclipse.m2e.maven.runtime_3.9.500.20231113-2345\jars\maven-settings-3.9.5.jar
2024-01-30 20:54:06,202 [Worker-26: Launching Executing install in C__job portal_jobportal-backend-main_jobportal-backend-main] INFO  o.eclipse.m2e.core.internal.Bundles - 	Entry: C:\Users\Chittaranjan\.p2\pool\plugins\org.eclipse.m2e.maven.runtime_3.9.500.20231113-2345\jars\maven-settings-builder-3.9.5.jar
2024-01-30 20:54:06,203 [Worker-26: Launching Executing install in C__job portal_jobportal-backend-main_jobportal-backend-main] INFO  o.eclipse.m2e.core.internal.Bundles - 	Entry: C:\Users\Chittaranjan\.p2\pool\plugins\org.eclipse.m2e.maven.runtime_3.9.500.20231113-2345\jars\maven-shared-utils-3.3.4.jar
2024-01-30 20:54:06,203 [Worker-26: Launching Executing install in C__job portal_jobportal-backend-main_jobportal-backend-main] INFO  o.eclipse.m2e.core.internal.Bundles - 	Entry: C:\Users\Chittaranjan\.p2\pool\plugins\org.eclipse.m2e.maven.runtime_3.9.500.20231113-2345\jars\org.eclipse.sisu.inject-0.3.5.jar
2024-01-30 20:54:06,203 [Worker-26: Launching Executing install in C__job portal_jobportal-backend-main_jobportal-backend-main] INFO  o.eclipse.m2e.core.internal.Bundles - 	Entry: C:\Users\Chittaranjan\.p2\pool\plugins\org.eclipse.m2e.maven.runtime_3.9.500.20231113-2345\jars\org.eclipse.sisu.plexus-0.3.5.jar
2024-01-30 20:54:06,203 [Worker-26: Launching Executing install in C__job portal_jobportal-backend-main_jobportal-backend-main] INFO  o.eclipse.m2e.core.internal.Bundles - 	Entry: C:\Users\Chittaranjan\.p2\pool\plugins\org.eclipse.m2e.maven.runtime_3.9.500.20231113-2345\jars\plexus-build-api-0.0.7.jar
2024-01-30 20:54:06,204 [Worker-26: Launching Executing install in C__job portal_jobportal-backend-main_jobportal-backend-main] INFO  o.eclipse.m2e.core.internal.Bundles - 	Entry: C:\Users\Chittaranjan\.p2\pool\plugins\org.eclipse.m2e.maven.runtime_3.9.500.20231113-2345\jars\plexus-cipher-2.0.jar
2024-01-30 20:54:06,204 [Worker-26: Launching Executing install in C__job portal_jobportal-backend-main_jobportal-backend-main] INFO  o.eclipse.m2e.core.internal.Bundles - 	Entry: C:\Users\Chittaranjan\.p2\pool\plugins\org.eclipse.m2e.maven.runtime_3.9.500.20231113-2345\jars\plexus-classworlds-2.7.0.jar
2024-01-30 20:54:06,204 [Worker-26: Launching Executing install in C__job portal_jobportal-backend-main_jobportal-backend-main] INFO  o.eclipse.m2e.core.internal.Bundles - 	Entry: C:\Users\Chittaranjan\.p2\pool\plugins\org.eclipse.m2e.maven.runtime_3.9.500.20231113-2345\jars\plexus-component-annotations-2.1.0.jar
2024-01-30 20:54:06,204 [Worker-26: Launching Executing install in C__job portal_jobportal-backend-main_jobportal-backend-main] INFO  o.eclipse.m2e.core.internal.Bundles - 	Entry: C:\Users\Chittaranjan\.p2\pool\plugins\org.eclipse.m2e.maven.runtime_3.9.500.20231113-2345\jars\plexus-interpolation-1.26.jar
2024-01-30 20:54:06,205 [Worker-26: Launching Executing install in C__job portal_jobportal-backend-main_jobportal-backend-main] INFO  o.eclipse.m2e.core.internal.Bundles - 	Entry: C:\Users\Chittaranjan\.p2\pool\plugins\org.eclipse.m2e.maven.runtime_3.9.500.20231113-2345\jars\plexus-sec-dispatcher-2.0.jar
2024-01-30 20:54:06,205 [Worker-26: Launching Executing install in C__job portal_jobportal-backend-main_jobportal-backend-main] INFO  o.eclipse.m2e.core.internal.Bundles - 	Entry: C:\Users\Chittaranjan\.p2\pool\plugins\org.eclipse.m2e.maven.runtime_3.9.500.20231113-2345\jars\plexus-utils-3.5.1.jar
2024-01-30 20:54:06,205 [Worker-26: Launching Executing install in C__job portal_jobportal-backend-main_jobportal-backend-main] INFO  o.eclipse.m2e.core.internal.Bundles - 	Entry: C:\Users\Chittaranjan\.p2\pool\plugins\org.eclipse.m2e.maven.runtime_3.9.500.20231113-2345\jars\wagon-file-3.5.3.jar
2024-01-30 20:54:06,205 [Worker-26: Launching Executing install in C__job portal_jobportal-backend-main_jobportal-backend-main] INFO  o.eclipse.m2e.core.internal.Bundles - 	Entry: C:\Users\Chittaranjan\.p2\pool\plugins\org.eclipse.m2e.maven.runtime_3.9.500.20231113-2345\jars\wagon-http-3.5.3.jar
2024-01-30 20:54:06,206 [Worker-26: Launching Executing install in C__job portal_jobportal-backend-main_jobportal-backend-main] INFO  o.eclipse.m2e.core.internal.Bundles - 	Entry: C:\Users\Chittaranjan\.p2\pool\plugins\org.eclipse.m2e.maven.runtime_3.9.500.20231113-2345\jars\wagon-http-shared-3.5.3.jar
2024-01-30 20:54:06,206 [Worker-26: Launching Executing install in C__job portal_jobportal-backend-main_jobportal-backend-main] INFO  o.eclipse.m2e.core.internal.Bundles - 	Entry: C:\Users\Chittaranjan\.p2\pool\plugins\org.eclipse.m2e.maven.runtime_3.9.500.20231113-2345\jars\wagon-provider-api-3.5.3.jar
2024-01-30 20:54:06,206 [Worker-26: Launching Executing install in C__job portal_jobportal-backend-main_jobportal-backend-main] INFO  o.eclipse.m2e.core.internal.Bundles - getClasspathEntries(Bundle=com.google.guava_32.1.3.jre [12])
2024-01-30 20:54:06,207 [Worker-26: Launching Executing install in C__job portal_jobportal-backend-main_jobportal-backend-main] INFO  o.eclipse.m2e.core.internal.Bundles - 	Entry: C:\Users\Chittaranjan\.p2\pool\plugins\com.google.guava_32.1.3.jre.jar
2024-01-30 20:54:06,207 [Worker-26: Launching Executing install in C__job portal_jobportal-backend-main_jobportal-backend-main] INFO  o.eclipse.m2e.core.internal.Bundles - getClasspathEntries(Bundle=slf4j.api_2.0.9 [986])
2024-01-30 20:54:06,208 [Worker-26: Launching Executing install in C__job portal_jobportal-backend-main_jobportal-backend-main] INFO  o.eclipse.m2e.core.internal.Bundles - 	Entry: C:\Users\Chittaranjan\.p2\pool\plugins\slf4j.api_2.0.9.jar
2024-01-30 20:54:06,208 [Worker-26: Launching Executing install in C__job portal_jobportal-backend-main_jobportal-backend-main] INFO  o.eclipse.m2e.core.internal.Bundles - getClasspathEntries(Bundle=jakarta.inject.jakarta.inject-api_1.0.5 [29])
2024-01-30 20:54:06,209 [Worker-26: Launching Executing install in C__job portal_jobportal-backend-main_jobportal-backend-main] INFO  o.eclipse.m2e.core.internal.Bundles - 	Entry: C:\Users\Chittaranjan\.p2\pool\plugins\jakarta.inject.jakarta.inject-api_1.0.5.jar
2024-01-30 20:54:06,209 [Worker-26: Launching Executing install in C__job portal_jobportal-backend-main_jobportal-backend-main] INFO  o.eclipse.m2e.core.internal.Bundles - getClasspathEntries(Bundle=jakarta.annotation-api_1.3.5 [24])
2024-01-30 20:54:06,209 [Worker-26: Launching Executing install in C__job portal_jobportal-backend-main_jobportal-backend-main] INFO  o.eclipse.m2e.core.internal.Bundles - 	Entry: C:\Users\Chittaranjan\.p2\pool\plugins\jakarta.annotation-api_1.3.5.jar
2024-01-30 20:54:06,209 [Worker-26: Launching Executing install in C__job portal_jobportal-backend-main_jobportal-backend-main] INFO  o.eclipse.m2e.core.internal.Bundles - getClasspathEntries(Bundle=org.apache.commons.cli_1.6.0 [71])
2024-01-30 20:54:06,210 [Worker-26: Launching Executing install in C__job portal_jobportal-backend-main_jobportal-backend-main] INFO  o.eclipse.m2e.core.internal.Bundles - 	Entry: C:\Users\Chittaranjan\.p2\pool\plugins\org.apache.commons.cli_1.6.0.jar
2024-01-30 20:54:06,212 [Worker-26: Launching Executing install in C__job portal_jobportal-backend-main_jobportal-backend-main] INFO  o.eclipse.m2e.core.internal.Bundles - getClasspathEntries(Bundle=org.apache.commons.commons-codec_1.16.0 [75])
2024-01-30 20:54:06,213 [Worker-26: Launching Executing install in C__job portal_jobportal-backend-main_jobportal-backend-main] INFO  o.eclipse.m2e.core.internal.Bundles - 	Entry: C:\Users\Chittaranjan\.p2\pool\plugins\org.apache.commons.commons-codec_1.16.0.jar
2024-01-30 20:54:06,213 [Worker-26: Launching Executing install in C__job portal_jobportal-backend-main_jobportal-backend-main] INFO  o.eclipse.m2e.core.internal.Bundles - getClasspathEntries(Bundle=org.apache.commons.lang3_3.13.0 [82])
2024-01-30 20:54:06,214 [Worker-26: Launching Executing install in C__job portal_jobportal-backend-main_jobportal-backend-main] INFO  o.eclipse.m2e.core.internal.Bundles - 	Entry: C:\Users\Chittaranjan\.p2\pool\plugins\org.apache.commons.lang3_3.13.0.jar
2024-01-30 20:54:06,214 [Worker-26: Launching Executing install in C__job portal_jobportal-backend-main_jobportal-backend-main] INFO  o.eclipse.m2e.core.internal.Bundles - getClasspathEntries(Bundle=com.google.guava.failureaccess_1.0.2 [13])
2024-01-30 20:54:06,215 [Worker-26: Launching Executing install in C__job portal_jobportal-backend-main_jobportal-backend-main] INFO  o.eclipse.m2e.core.internal.Bundles - 	Entry: C:\Users\Chittaranjan\.p2\pool\plugins\com.google.guava.failureaccess_1.0.2.jar
2024-01-30 20:54:06,217 [Worker-26: Launching Executing install in C__job portal_jobportal-backend-main_jobportal-backend-main] INFO  o.e.m.i.launch.MavenLaunchDelegate - Run build in "C:\job portal\jobportal-backend-main\jobportal-backend-main":
2024-01-30 20:54:06,217 [Worker-26: Launching Executing install in C__job portal_jobportal-backend-main_jobportal-backend-main] INFO  o.e.m.i.launch.MavenLaunchDelegate -  mvn  -B -Dstyle.color=always install
2024-01-30 21:14:39,896 [Worker-4: Loading available Gradle versions] INFO  o.e.b.c.i.u.g.PublishedGradleVersions - Gradle version information cache is up-to-date. Trying to read.
2024-01-30 21:18:25,662 [Worker-15: Building] INFO  o.e.m.c.i.embedder.EclipseLogger - Using 'UTF-8' encoding to copy filtered resources.
2024-01-30 21:18:25,693 [Worker-15: Building] INFO  o.e.m.c.i.embedder.EclipseLogger - Using 'UTF-8' encoding to copy filtered properties files.
2024-01-30 21:18:25,703 [Worker-15: Building] INFO  o.e.m.c.i.embedder.EclipseLogger - Copying 1 resource
2024-01-30 21:18:25,751 [Worker-15: Building] INFO  o.e.m.c.i.embedder.EclipseLogger - Copying 0 resource
2024-01-30 21:18:25,758 [Worker-15: Building] INFO  o.e.m.c.i.embedder.EclipseLogger - Using 'UTF-8' encoding to copy filtered resources.
2024-01-30 21:18:25,759 [Worker-15: Building] INFO  o.e.m.c.i.embedder.EclipseLogger - Using 'UTF-8' encoding to copy filtered properties files.
2024-01-30 21:18:25,759 [Worker-15: Building] INFO  o.e.m.c.i.embedder.EclipseLogger - skip non existing resourceDirectory C:\job portal\jobportal-backend-main\jobportal-backend-main\src\test\resources
2024-01-30 21:19:24,748 [Worker-16: Building] INFO  o.e.m.c.i.embedder.EclipseLogger - Using 'UTF-8' encoding to copy filtered resources.
2024-01-30 21:19:24,748 [Worker-16: Building] INFO  o.e.m.c.i.embedder.EclipseLogger - Using 'UTF-8' encoding to copy filtered properties files.
2024-01-30 21:19:24,753 [Worker-16: Building] INFO  o.e.m.c.i.embedder.EclipseLogger - Copying 1 resource
2024-01-30 21:19:24,759 [Worker-16: Building] INFO  o.e.m.c.i.embedder.EclipseLogger - Copying 0 resource
2024-01-30 21:19:24,773 [Worker-16: Building] INFO  o.e.m.c.i.embedder.EclipseLogger - Using 'UTF-8' encoding to copy filtered resources.
2024-01-30 21:19:24,773 [Worker-16: Building] INFO  o.e.m.c.i.embedder.EclipseLogger - Using 'UTF-8' encoding to copy filtered properties files.
2024-01-30 21:19:24,775 [Worker-16: Building] INFO  o.e.m.c.i.embedder.EclipseLogger - skip non existing resourceDirectory C:\job portal\jobportal-backend-main\jobportal-backend-main\src\test\resources
2024-01-30 21:29:21,311 [Worker-1: Loading available Gradle versions] INFO  o.e.b.c.i.u.g.PublishedGradleVersions - Gradle version information cache is up-to-date. Trying to read.
2024-01-31 07:14:38,982 [Worker-4: Loading available Gradle versions] INFO  o.e.b.c.i.u.g.PublishedGradleVersions - Gradle version information cache is up-to-date. Trying to read.
2024-01-31 14:12:39,784 [Worker-4: Loading available Gradle versions] INFO  o.e.b.c.i.u.g.PublishedGradleVersions - Gradle version information cache is up-to-date. Trying to read.
2024-01-31 14:33:29,247 [Worker-24: Building] INFO  o.e.m.c.i.embedder.EclipseLogger - Using 'UTF-8' encoding to copy filtered resources.
2024-01-31 14:33:29,288 [Worker-24: Building] INFO  o.e.m.c.i.embedder.EclipseLogger - Using 'UTF-8' encoding to copy filtered properties files.
2024-01-31 14:33:29,351 [Worker-24: Building] INFO  o.e.m.c.i.embedder.EclipseLogger - Copying 1 resource
2024-01-31 14:33:29,569 [Worker-24: Building] INFO  o.e.m.c.i.embedder.EclipseLogger - Copying 0 resource
2024-01-31 14:33:29,588 [Worker-24: Building] INFO  o.e.m.c.i.embedder.EclipseLogger - Using 'UTF-8' encoding to copy filtered resources.
2024-01-31 14:33:29,588 [Worker-24: Building] INFO  o.e.m.c.i.embedder.EclipseLogger - Using 'UTF-8' encoding to copy filtered properties files.
2024-01-31 14:33:29,589 [Worker-24: Building] INFO  o.e.m.c.i.embedder.EclipseLogger - skip non existing resourceDirectory C:\job portal\jobportal-backend-main\jobportal-backend-main\src\test\resources
2024-01-31 14:33:38,444 [Worker-22: Building] INFO  o.e.m.c.i.embedder.EclipseLogger - Using 'UTF-8' encoding to copy filtered resources.
2024-01-31 14:33:38,444 [Worker-22: Building] INFO  o.e.m.c.i.embedder.EclipseLogger - Using 'UTF-8' encoding to copy filtered properties files.
2024-01-31 14:33:38,446 [Worker-22: Building] INFO  o.e.m.c.i.embedder.EclipseLogger - Copying 0 resource
2024-01-31 14:33:38,448 [Worker-22: Building] INFO  o.e.m.c.i.embedder.EclipseLogger - Copying 0 resource
2024-01-31 14:33:38,453 [Worker-22: Building] INFO  o.e.m.c.i.embedder.EclipseLogger - Using 'UTF-8' encoding to copy filtered resources.
2024-01-31 14:33:38,453 [Worker-22: Building] INFO  o.e.m.c.i.embedder.EclipseLogger - Using 'UTF-8' encoding to copy filtered properties files.
2024-01-31 14:33:38,453 [Worker-22: Building] INFO  o.e.m.c.i.embedder.EclipseLogger - skip non existing resourceDirectory C:\job portal\jobportal-backend-main\jobportal-backend-main\src\test\resources
2024-01-31 14:33:39,582 [Worker-25: Building] INFO  o.e.m.c.i.embedder.EclipseLogger - Using 'UTF-8' encoding to copy filtered resources.
2024-01-31 14:33:39,582 [Worker-25: Building] INFO  o.e.m.c.i.embedder.EclipseLogger - Using 'UTF-8' encoding to copy filtered properties files.
2024-01-31 14:33:39,583 [Worker-25: Building] INFO  o.e.m.c.i.embedder.EclipseLogger - Copying 0 resource
2024-01-31 14:33:39,584 [Worker-25: Building] INFO  o.e.m.c.i.embedder.EclipseLogger - Copying 0 resource
2024-01-31 14:33:39,590 [Worker-25: Building] INFO  o.e.m.c.i.embedder.EclipseLogger - Using 'UTF-8' encoding to copy filtered resources.
2024-01-31 14:33:39,591 [Worker-25: Building] INFO  o.e.m.c.i.embedder.EclipseLogger - Using 'UTF-8' encoding to copy filtered properties files.
2024-01-31 14:33:39,591 [Worker-25: Building] INFO  o.e.m.c.i.embedder.EclipseLogger - skip non existing resourceDirectory C:\job portal\jobportal-backend-main\jobportal-backend-main\src\test\resources
2024-01-31 14:43:22,645 [Start Help Server] INFO  org.eclipse.jetty.server.Server - jetty-12.0.3; built: 2023-10-27T03:25:22.284Z; git: a873259fd5af141dedaa6c7fa8fe8fbdedce0d61; jvm 19.0.1+10-21
2024-01-31 14:43:22,834 [Start Help Server] INFO  o.e.j.server.handler.ContextHandler - Started oeje8n.ContextHandler$CoreContextHandler@5e55d16{/help,/help,b=null,a=AVAILABLE,h=oeje8n.ContextHandler$CoreContextHandler$CoreToNestedHandler@4571849a{STARTED}}
2024-01-31 14:43:22,835 [Start Help Server] INFO  o.e.j.s.DefaultSessionIdManager - Session workerName=node0
2024-01-31 14:43:22,887 [Start Help Server] INFO  o.e.jetty.server.AbstractConnector - Started ServerConnector@253b34d3{HTTP/1.1, (http/1.1)}{127.0.0.1:61346}
2024-01-31 14:43:22,938 [Start Help Server] INFO  org.eclipse.jetty.server.Server - Started oejs.Server@5b7fd3c2{STARTING}[12.0.3,sto=0] @2046861ms
2024-01-31 15:28:49,821 [Stop Help Server] INFO  org.eclipse.jetty.server.Server - Stopped oejs.Server@5b7fd3c2{STOPPING}[12.0.3,sto=0]
2024-01-31 15:28:49,828 [Stop Help Server] INFO  o.e.jetty.server.AbstractConnector - Stopped ServerConnector@253b34d3{HTTP/1.1, (http/1.1)}{127.0.0.1:0}
2024-02-01 07:28:03,409 [Worker-5: Loading available Gradle versions] INFO  o.e.b.c.i.u.g.PublishedGradleVersions - Gradle version information cache is out-of-date. Trying to update.
2024-02-01 19:59:28,069 [Worker-4: Loading available Gradle versions] INFO  o.e.b.c.i.u.g.PublishedGradleVersions - Gradle version information cache is up-to-date. Trying to read.
2024-02-01 20:03:08,608 [Worker-14: Launching mavenrun-4263c6ce-8204-4cbb-8b12-4ecb1e6e56ee] INFO  o.eclipse.m2e.core.internal.Bundles - getClasspathEntries(Bundle=org.eclipse.m2e.maven.runtime_3.9.500.20231113-2345 [626])
2024-02-01 20:03:08,612 [Worker-14: Launching mavenrun-4263c6ce-8204-4cbb-8b12-4ecb1e6e56ee] INFO  o.eclipse.m2e.core.internal.Bundles - 	Entry: C:\Users\Chittaranjan\.p2\pool\plugins\org.eclipse.m2e.maven.runtime_3.9.500.20231113-2345
2024-02-01 20:03:08,613 [Worker-14: Launching mavenrun-4263c6ce-8204-4cbb-8b12-4ecb1e6e56ee] INFO  o.eclipse.m2e.core.internal.Bundles - 	Entry: C:\Users\Chittaranjan\.p2\pool\plugins\org.eclipse.m2e.maven.runtime_3.9.500.20231113-2345\jars\aopalliance-1.0.jar
2024-02-01 20:03:08,613 [Worker-14: Launching mavenrun-4263c6ce-8204-4cbb-8b12-4ecb1e6e56ee] INFO  o.eclipse.m2e.core.internal.Bundles - 	Entry: C:\Users\Chittaranjan\.p2\pool\plugins\org.eclipse.m2e.maven.runtime_3.9.500.20231113-2345\jars\guice-5.1.0.jar
2024-02-01 20:03:08,613 [Worker-14: Launching mavenrun-4263c6ce-8204-4cbb-8b12-4ecb1e6e56ee] INFO  o.eclipse.m2e.core.internal.Bundles - 	Entry: C:\Users\Chittaranjan\.p2\pool\plugins\org.eclipse.m2e.maven.runtime_3.9.500.20231113-2345\jars\httpclient-4.5.14.jar
2024-02-01 20:03:08,613 [Worker-14: Launching mavenrun-4263c6ce-8204-4cbb-8b12-4ecb1e6e56ee] INFO  o.eclipse.m2e.core.internal.Bundles - 	Entry: C:\Users\Chittaranjan\.p2\pool\plugins\org.eclipse.m2e.maven.runtime_3.9.500.20231113-2345\jars\httpcore-4.4.16.jar
2024-02-01 20:03:08,614 [Worker-14: Launching mavenrun-4263c6ce-8204-4cbb-8b12-4ecb1e6e56ee] INFO  o.eclipse.m2e.core.internal.Bundles - 	Entry: C:\Users\Chittaranjan\.p2\pool\plugins\org.eclipse.m2e.maven.runtime_3.9.500.20231113-2345\jars\jansi-2.4.0.jar
2024-02-01 20:03:08,614 [Worker-14: Launching mavenrun-4263c6ce-8204-4cbb-8b12-4ecb1e6e56ee] INFO  o.eclipse.m2e.core.internal.Bundles - 	Entry: C:\Users\Chittaranjan\.p2\pool\plugins\org.eclipse.m2e.maven.runtime_3.9.500.20231113-2345\jars\jcl-over-slf4j-1.7.36.jar
2024-02-01 20:03:08,614 [Worker-14: Launching mavenrun-4263c6ce-8204-4cbb-8b12-4ecb1e6e56ee] INFO  o.eclipse.m2e.core.internal.Bundles - 	Entry: C:\Users\Chittaranjan\.p2\pool\plugins\org.eclipse.m2e.maven.runtime_3.9.500.20231113-2345\jars\maven-artifact-3.9.5.jar
2024-02-01 20:03:08,615 [Worker-14: Launching mavenrun-4263c6ce-8204-4cbb-8b12-4ecb1e6e56ee] INFO  o.eclipse.m2e.core.internal.Bundles - 	Entry: C:\Users\Chittaranjan\.p2\pool\plugins\org.eclipse.m2e.maven.runtime_3.9.500.20231113-2345\jars\maven-builder-support-3.9.5.jar
2024-02-01 20:03:08,615 [Worker-14: Launching mavenrun-4263c6ce-8204-4cbb-8b12-4ecb1e6e56ee] INFO  o.eclipse.m2e.core.internal.Bundles - 	Entry: C:\Users\Chittaranjan\.p2\pool\plugins\org.eclipse.m2e.maven.runtime_3.9.500.20231113-2345\jars\maven-compat-3.9.5.jar
2024-02-01 20:03:08,615 [Worker-14: Launching mavenrun-4263c6ce-8204-4cbb-8b12-4ecb1e6e56ee] INFO  o.eclipse.m2e.core.internal.Bundles - 	Entry: C:\Users\Chittaranjan\.p2\pool\plugins\org.eclipse.m2e.maven.runtime_3.9.500.20231113-2345\jars\maven-core-3.9.5.jar
2024-02-01 20:03:08,616 [Worker-14: Launching mavenrun-4263c6ce-8204-4cbb-8b12-4ecb1e6e56ee] INFO  o.eclipse.m2e.core.internal.Bundles - 	Entry: C:\Users\Chittaranjan\.p2\pool\plugins\org.eclipse.m2e.maven.runtime_3.9.500.20231113-2345\jars\maven-embedder-3.9.5.jar
2024-02-01 20:03:08,616 [Worker-14: Launching mavenrun-4263c6ce-8204-4cbb-8b12-4ecb1e6e56ee] INFO  o.eclipse.m2e.core.internal.Bundles - 	Entry: C:\Users\Chittaranjan\.p2\pool\plugins\org.eclipse.m2e.maven.runtime_3.9.500.20231113-2345\jars\maven-model-3.9.5.jar
2024-02-01 20:03:08,616 [Worker-14: Launching mavenrun-4263c6ce-8204-4cbb-8b12-4ecb1e6e56ee] INFO  o.eclipse.m2e.core.internal.Bundles - 	Entry: C:\Users\Chittaranjan\.p2\pool\plugins\org.eclipse.m2e.maven.runtime_3.9.500.20231113-2345\jars\maven-model-builder-3.9.5.jar
2024-02-01 20:03:08,616 [Worker-14: Launching mavenrun-4263c6ce-8204-4cbb-8b12-4ecb1e6e56ee] INFO  o.eclipse.m2e.core.internal.Bundles - 	Entry: C:\Users\Chittaranjan\.p2\pool\plugins\org.eclipse.m2e.maven.runtime_3.9.500.20231113-2345\jars\maven-plugin-api-3.9.5.jar
2024-02-01 20:03:08,617 [Worker-14: Launching mavenrun-4263c6ce-8204-4cbb-8b12-4ecb1e6e56ee] INFO  o.eclipse.m2e.core.internal.Bundles - 	Entry: C:\Users\Chittaranjan\.p2\pool\plugins\org.eclipse.m2e.maven.runtime_3.9.500.20231113-2345\jars\maven-repository-metadata-3.9.5.jar
2024-02-01 20:03:08,617 [Worker-14: Launching mavenrun-4263c6ce-8204-4cbb-8b12-4ecb1e6e56ee] INFO  o.eclipse.m2e.core.internal.Bundles - 	Entry: C:\Users\Chittaranjan\.p2\pool\plugins\org.eclipse.m2e.maven.runtime_3.9.500.20231113-2345\jars\maven-resolver-api-1.9.16.jar
2024-02-01 20:03:08,617 [Worker-14: Launching mavenrun-4263c6ce-8204-4cbb-8b12-4ecb1e6e56ee] INFO  o.eclipse.m2e.core.internal.Bundles - 	Entry: C:\Users\Chittaranjan\.p2\pool\plugins\org.eclipse.m2e.maven.runtime_3.9.500.20231113-2345\jars\maven-resolver-connector-basic-1.9.16.jar
2024-02-01 20:03:08,618 [Worker-14: Launching mavenrun-4263c6ce-8204-4cbb-8b12-4ecb1e6e56ee] INFO  o.eclipse.m2e.core.internal.Bundles - 	Entry: C:\Users\Chittaranjan\.p2\pool\plugins\org.eclipse.m2e.maven.runtime_3.9.500.20231113-2345\jars\maven-resolver-impl-1.9.16.jar
2024-02-01 20:03:08,618 [Worker-14: Launching mavenrun-4263c6ce-8204-4cbb-8b12-4ecb1e6e56ee] INFO  o.eclipse.m2e.core.internal.Bundles - 	Entry: C:\Users\Chittaranjan\.p2\pool\plugins\org.eclipse.m2e.maven.runtime_3.9.500.20231113-2345\jars\maven-resolver-named-locks-1.9.16.jar
2024-02-01 20:03:08,618 [Worker-14: Launching mavenrun-4263c6ce-8204-4cbb-8b12-4ecb1e6e56ee] INFO  o.eclipse.m2e.core.internal.Bundles - 	Entry: C:\Users\Chittaranjan\.p2\pool\plugins\org.eclipse.m2e.maven.runtime_3.9.500.20231113-2345\jars\maven-resolver-provider-3.9.5.jar
2024-02-01 20:03:08,619 [Worker-14: Launching mavenrun-4263c6ce-8204-4cbb-8b12-4ecb1e6e56ee] INFO  o.eclipse.m2e.core.internal.Bundles - 	Entry: C:\Users\Chittaranjan\.p2\pool\plugins\org.eclipse.m2e.maven.runtime_3.9.500.20231113-2345\jars\maven-resolver-spi-1.9.16.jar
2024-02-01 20:03:08,620 [Worker-14: Launching mavenrun-4263c6ce-8204-4cbb-8b12-4ecb1e6e56ee] INFO  o.eclipse.m2e.core.internal.Bundles - 	Entry: C:\Users\Chittaranjan\.p2\pool\plugins\org.eclipse.m2e.maven.runtime_3.9.500.20231113-2345\jars\maven-resolver-transport-file-1.9.16.jar
2024-02-01 20:03:08,620 [Worker-14: Launching mavenrun-4263c6ce-8204-4cbb-8b12-4ecb1e6e56ee] INFO  o.eclipse.m2e.core.internal.Bundles - 	Entry: C:\Users\Chittaranjan\.p2\pool\plugins\org.eclipse.m2e.maven.runtime_3.9.500.20231113-2345\jars\maven-resolver-transport-http-1.9.16.jar
2024-02-01 20:03:08,620 [Worker-14: Launching mavenrun-4263c6ce-8204-4cbb-8b12-4ecb1e6e56ee] INFO  o.eclipse.m2e.core.internal.Bundles - 	Entry: C:\Users\Chittaranjan\.p2\pool\plugins\org.eclipse.m2e.maven.runtime_3.9.500.20231113-2345\jars\maven-resolver-transport-wagon-1.9.16.jar
2024-02-01 20:03:08,620 [Worker-14: Launching mavenrun-4263c6ce-8204-4cbb-8b12-4ecb1e6e56ee] INFO  o.eclipse.m2e.core.internal.Bundles - 	Entry: C:\Users\Chittaranjan\.p2\pool\plugins\org.eclipse.m2e.maven.runtime_3.9.500.20231113-2345\jars\maven-resolver-util-1.9.16.jar
2024-02-01 20:03:08,621 [Worker-14: Launching mavenrun-4263c6ce-8204-4cbb-8b12-4ecb1e6e56ee] INFO  o.eclipse.m2e.core.internal.Bundles - 	Entry: C:\Users\Chittaranjan\.p2\pool\plugins\org.eclipse.m2e.maven.runtime_3.9.500.20231113-2345\jars\maven-settings-3.9.5.jar
2024-02-01 20:03:08,621 [Worker-14: Launching mavenrun-4263c6ce-8204-4cbb-8b12-4ecb1e6e56ee] INFO  o.eclipse.m2e.core.internal.Bundles - 	Entry: C:\Users\Chittaranjan\.p2\pool\plugins\org.eclipse.m2e.maven.runtime_3.9.500.20231113-2345\jars\maven-settings-builder-3.9.5.jar
2024-02-01 20:03:08,621 [Worker-14: Launching mavenrun-4263c6ce-8204-4cbb-8b12-4ecb1e6e56ee] INFO  o.eclipse.m2e.core.internal.Bundles - 	Entry: C:\Users\Chittaranjan\.p2\pool\plugins\org.eclipse.m2e.maven.runtime_3.9.500.20231113-2345\jars\maven-shared-utils-3.3.4.jar
2024-02-01 20:03:08,621 [Worker-14: Launching mavenrun-4263c6ce-8204-4cbb-8b12-4ecb1e6e56ee] INFO  o.eclipse.m2e.core.internal.Bundles - 	Entry: C:\Users\Chittaranjan\.p2\pool\plugins\org.eclipse.m2e.maven.runtime_3.9.500.20231113-2345\jars\org.eclipse.sisu.inject-0.3.5.jar
2024-02-01 20:03:08,622 [Worker-14: Launching mavenrun-4263c6ce-8204-4cbb-8b12-4ecb1e6e56ee] INFO  o.eclipse.m2e.core.internal.Bundles - 	Entry: C:\Users\Chittaranjan\.p2\pool\plugins\org.eclipse.m2e.maven.runtime_3.9.500.20231113-2345\jars\org.eclipse.sisu.plexus-0.3.5.jar
2024-02-01 20:03:08,622 [Worker-14: Launching mavenrun-4263c6ce-8204-4cbb-8b12-4ecb1e6e56ee] INFO  o.eclipse.m2e.core.internal.Bundles - 	Entry: C:\Users\Chittaranjan\.p2\pool\plugins\org.eclipse.m2e.maven.runtime_3.9.500.20231113-2345\jars\plexus-build-api-0.0.7.jar
2024-02-01 20:03:08,622 [Worker-14: Launching mavenrun-4263c6ce-8204-4cbb-8b12-4ecb1e6e56ee] INFO  o.eclipse.m2e.core.internal.Bundles - 	Entry: C:\Users\Chittaranjan\.p2\pool\plugins\org.eclipse.m2e.maven.runtime_3.9.500.20231113-2345\jars\plexus-cipher-2.0.jar
2024-02-01 20:03:08,622 [Worker-14: Launching mavenrun-4263c6ce-8204-4cbb-8b12-4ecb1e6e56ee] INFO  o.eclipse.m2e.core.internal.Bundles - 	Entry: C:\Users\Chittaranjan\.p2\pool\plugins\org.eclipse.m2e.maven.runtime_3.9.500.20231113-2345\jars\plexus-classworlds-2.7.0.jar
2024-02-01 20:03:08,622 [Worker-14: Launching mavenrun-4263c6ce-8204-4cbb-8b12-4ecb1e6e56ee] INFO  o.eclipse.m2e.core.internal.Bundles - 	Entry: C:\Users\Chittaranjan\.p2\pool\plugins\org.eclipse.m2e.maven.runtime_3.9.500.20231113-2345\jars\plexus-component-annotations-2.1.0.jar
2024-02-01 20:03:08,623 [Worker-14: Launching mavenrun-4263c6ce-8204-4cbb-8b12-4ecb1e6e56ee] INFO  o.eclipse.m2e.core.internal.Bundles - 	Entry: C:\Users\Chittaranjan\.p2\pool\plugins\org.eclipse.m2e.maven.runtime_3.9.500.20231113-2345\jars\plexus-interpolation-1.26.jar
2024-02-01 20:03:08,623 [Worker-14: Launching mavenrun-4263c6ce-8204-4cbb-8b12-4ecb1e6e56ee] INFO  o.eclipse.m2e.core.internal.Bundles - 	Entry: C:\Users\Chittaranjan\.p2\pool\plugins\org.eclipse.m2e.maven.runtime_3.9.500.20231113-2345\jars\plexus-sec-dispatcher-2.0.jar
2024-02-01 20:03:08,623 [Worker-14: Launching mavenrun-4263c6ce-8204-4cbb-8b12-4ecb1e6e56ee] INFO  o.eclipse.m2e.core.internal.Bundles - 	Entry: C:\Users\Chittaranjan\.p2\pool\plugins\org.eclipse.m2e.maven.runtime_3.9.500.20231113-2345\jars\plexus-utils-3.5.1.jar
2024-02-01 20:03:08,624 [Worker-14: Launching mavenrun-4263c6ce-8204-4cbb-8b12-4ecb1e6e56ee] INFO  o.eclipse.m2e.core.internal.Bundles - 	Entry: C:\Users\Chittaranjan\.p2\pool\plugins\org.eclipse.m2e.maven.runtime_3.9.500.20231113-2345\jars\wagon-file-3.5.3.jar
2024-02-01 20:03:08,624 [Worker-14: Launching mavenrun-4263c6ce-8204-4cbb-8b12-4ecb1e6e56ee] INFO  o.eclipse.m2e.core.internal.Bundles - 	Entry: C:\Users\Chittaranjan\.p2\pool\plugins\org.eclipse.m2e.maven.runtime_3.9.500.20231113-2345\jars\wagon-http-3.5.3.jar
2024-02-01 20:03:08,624 [Worker-14: Launching mavenrun-4263c6ce-8204-4cbb-8b12-4ecb1e6e56ee] INFO  o.eclipse.m2e.core.internal.Bundles - 	Entry: C:\Users\Chittaranjan\.p2\pool\plugins\org.eclipse.m2e.maven.runtime_3.9.500.20231113-2345\jars\wagon-http-shared-3.5.3.jar
2024-02-01 20:03:08,625 [Worker-14: Launching mavenrun-4263c6ce-8204-4cbb-8b12-4ecb1e6e56ee] INFO  o.eclipse.m2e.core.internal.Bundles - 	Entry: C:\Users\Chittaranjan\.p2\pool\plugins\org.eclipse.m2e.maven.runtime_3.9.500.20231113-2345\jars\wagon-provider-api-3.5.3.jar
2024-02-01 20:03:08,627 [Worker-14: Launching mavenrun-4263c6ce-8204-4cbb-8b12-4ecb1e6e56ee] INFO  o.eclipse.m2e.core.internal.Bundles - getClasspathEntries(Bundle=com.google.guava_32.1.3.jre [12])
2024-02-01 20:03:08,628 [Worker-14: Launching mavenrun-4263c6ce-8204-4cbb-8b12-4ecb1e6e56ee] INFO  o.eclipse.m2e.core.internal.Bundles - 	Entry: C:\Users\Chittaranjan\.p2\pool\plugins\com.google.guava_32.1.3.jre.jar
2024-02-01 20:03:08,628 [Worker-14: Launching mavenrun-4263c6ce-8204-4cbb-8b12-4ecb1e6e56ee] INFO  o.eclipse.m2e.core.internal.Bundles - getClasspathEntries(Bundle=slf4j.api_2.0.9 [986])
2024-02-01 20:03:08,629 [Worker-14: Launching mavenrun-4263c6ce-8204-4cbb-8b12-4ecb1e6e56ee] INFO  o.eclipse.m2e.core.internal.Bundles - 	Entry: C:\Users\Chittaranjan\.p2\pool\plugins\slf4j.api_2.0.9.jar
2024-02-01 20:03:08,629 [Worker-14: Launching mavenrun-4263c6ce-8204-4cbb-8b12-4ecb1e6e56ee] INFO  o.eclipse.m2e.core.internal.Bundles - getClasspathEntries(Bundle=jakarta.inject.jakarta.inject-api_1.0.5 [29])
2024-02-01 20:03:08,630 [Worker-14: Launching mavenrun-4263c6ce-8204-4cbb-8b12-4ecb1e6e56ee] INFO  o.eclipse.m2e.core.internal.Bundles - 	Entry: C:\Users\Chittaranjan\.p2\pool\plugins\jakarta.inject.jakarta.inject-api_1.0.5.jar
2024-02-01 20:03:08,630 [Worker-14: Launching mavenrun-4263c6ce-8204-4cbb-8b12-4ecb1e6e56ee] INFO  o.eclipse.m2e.core.internal.Bundles - getClasspathEntries(Bundle=jakarta.annotation-api_1.3.5 [24])
2024-02-01 20:03:08,630 [Worker-14: Launching mavenrun-4263c6ce-8204-4cbb-8b12-4ecb1e6e56ee] INFO  o.eclipse.m2e.core.internal.Bundles - 	Entry: C:\Users\Chittaranjan\.p2\pool\plugins\jakarta.annotation-api_1.3.5.jar
2024-02-01 20:03:08,630 [Worker-14: Launching mavenrun-4263c6ce-8204-4cbb-8b12-4ecb1e6e56ee] INFO  o.eclipse.m2e.core.internal.Bundles - getClasspathEntries(Bundle=org.apache.commons.cli_1.6.0 [71])
2024-02-01 20:03:08,631 [Worker-14: Launching mavenrun-4263c6ce-8204-4cbb-8b12-4ecb1e6e56ee] INFO  o.eclipse.m2e.core.internal.Bundles - 	Entry: C:\Users\Chittaranjan\.p2\pool\plugins\org.apache.commons.cli_1.6.0.jar
2024-02-01 20:03:08,631 [Worker-14: Launching mavenrun-4263c6ce-8204-4cbb-8b12-4ecb1e6e56ee] INFO  o.eclipse.m2e.core.internal.Bundles - getClasspathEntries(Bundle=org.apache.commons.commons-codec_1.16.0 [75])
2024-02-01 20:03:08,631 [Worker-14: Launching mavenrun-4263c6ce-8204-4cbb-8b12-4ecb1e6e56ee] INFO  o.eclipse.m2e.core.internal.Bundles - 	Entry: C:\Users\Chittaranjan\.p2\pool\plugins\org.apache.commons.commons-codec_1.16.0.jar
2024-02-01 20:03:08,631 [Worker-14: Launching mavenrun-4263c6ce-8204-4cbb-8b12-4ecb1e6e56ee] INFO  o.eclipse.m2e.core.internal.Bundles - getClasspathEntries(Bundle=org.apache.commons.lang3_3.13.0 [82])
2024-02-01 20:03:08,632 [Worker-14: Launching mavenrun-4263c6ce-8204-4cbb-8b12-4ecb1e6e56ee] INFO  o.eclipse.m2e.core.internal.Bundles - 	Entry: C:\Users\Chittaranjan\.p2\pool\plugins\org.apache.commons.lang3_3.13.0.jar
2024-02-01 20:03:08,632 [Worker-14: Launching mavenrun-4263c6ce-8204-4cbb-8b12-4ecb1e6e56ee] INFO  o.eclipse.m2e.core.internal.Bundles - getClasspathEntries(Bundle=com.google.guava.failureaccess_1.0.2 [13])
2024-02-01 20:03:08,632 [Worker-14: Launching mavenrun-4263c6ce-8204-4cbb-8b12-4ecb1e6e56ee] INFO  o.eclipse.m2e.core.internal.Bundles - 	Entry: C:\Users\Chittaranjan\.p2\pool\plugins\com.google.guava.failureaccess_1.0.2.jar
2024-02-01 20:03:08,653 [Worker-14: Launching mavenrun-4263c6ce-8204-4cbb-8b12-4ecb1e6e56ee] INFO  o.e.m.i.launch.MavenLaunchDelegate - Run build in "C:\Users\CHITTA~1\AppData\Local\Temp\m2e-archetypeGenerator16517438469204529329":
2024-02-01 20:03:08,675 [Worker-14: Launching mavenrun-4263c6ce-8204-4cbb-8b12-4ecb1e6e56ee] INFO  o.e.m.i.launch.MavenLaunchDelegate -  mvn  -DarchetypeGroupId=org.apache.maven.archetypes -DarchetypeArtifactId=maven-archetype-quickstart -DarchetypeVersion=1.1 -DgroupId=com.test.spring -DartifactId=first-spring-app -Dversion=0.0.1-SNAPSHOT -Dpackage=com.test.spring -DoutputDirectory=C:\10710-11 -Dstyle.color=always -U archetype:generate
2024-02-01 20:03:54,336 [Worker-6: Creating maven-archetype-quickstart] INFO  o.e.m.c.i.p.ProjectConfigurationManager - Collecting project info '/pom.xml' C:\10710-11\first-spring-app\pom.xml
2024-02-01 20:03:59,470 [Worker-6: Creating maven-archetype-quickstart] INFO  o.e.m.c.i.l.LifecycleMappingFactory - Using org.eclipse.m2e.jdt.JarLifecycleMapping lifecycle mapping for MavenProject: com.test.spring:first-spring-app:0.0.1-SNAPSHOT @ C:\10710-11\first-spring-app\pom.xml.
2024-02-01 20:04:04,581 [Worker-6: Creating maven-archetype-quickstart] INFO  o.e.m.j.i.AbstractJavaProjectConfigurator - Adding source folder /first-spring-app/src/main/java
2024-02-01 20:04:04,581 [Worker-6: Creating maven-archetype-quickstart] INFO  o.e.m.j.i.AbstractJavaProjectConfigurator - Adding resource folder /first-spring-app/src/main/resources
2024-02-01 20:04:04,621 [Worker-6: Creating maven-archetype-quickstart] INFO  o.e.m.j.i.AbstractJavaProjectConfigurator - Adding source folder /first-spring-app/src/test/java
2024-02-01 20:04:04,622 [Worker-6: Creating maven-archetype-quickstart] INFO  o.e.m.j.i.AbstractJavaProjectConfigurator - Adding resource folder /first-spring-app/src/test/resources
2024-02-01 20:04:05,013 [Worker-6: Creating maven-archetype-quickstart] INFO  o.e.m.c.i.p.ProjectConfigurationManager - Imported and configured 1 project(s) in 10 sec
2024-02-01 20:04:06,157 [Worker-3: Building] INFO  o.a.m.s.f.DefaultMavenResourcesFiltering - skip non existing resourceDirectory C:\10710-11\first-spring-app\src\main\resources
2024-02-01 20:04:06,167 [Worker-3: Building] INFO  o.a.m.s.f.DefaultMavenResourcesFiltering - skip non existing resourceDirectory C:\10710-11\first-spring-app\src\test\resources
2024-02-01 20:18:10,152 [Worker-17: Building] INFO  o.e.m.c.i.l.LifecycleMappingFactory - Using org.eclipse.m2e.jdt.JarLifecycleMapping lifecycle mapping for MavenProject: com.test.spring:first-spring-app:0.0.1-SNAPSHOT @ C:\10710-11\first-spring-app\pom.xml.
2024-02-01 20:18:10,469 [Worker-17: Building] INFO  o.e.m.c.i.e.AbstractTransferListenerAdapter - Downloading https://repo.maven.apache.org/maven2/org/springframework/spring-core/6.1.3/spring-core-6.1.3.pom
2024-02-01 20:18:10,480 [Worker-17: Building] INFO  o.e.m.c.i.e.AbstractTransferListenerAdapter - Downloaded https://repo.maven.apache.org/maven2/org/springframework/spring-core/6.1.3/spring-core-6.1.3.pom
2024-02-01 20:18:10,713 [Worker-17: Building] INFO  o.e.m.c.i.e.AbstractTransferListenerAdapter - Downloading https://repo.maven.apache.org/maven2/org/springframework/spring-jcl/6.1.3/spring-jcl-6.1.3.pom
2024-02-01 20:18:10,718 [Worker-17: Building] INFO  o.e.m.c.i.e.AbstractTransferListenerAdapter - Downloaded https://repo.maven.apache.org/maven2/org/springframework/spring-jcl/6.1.3/spring-jcl-6.1.3.pom
2024-02-01 20:18:10,780 [Worker-17: Building] INFO  o.e.m.c.i.e.AbstractTransferListenerAdapter - Downloading https://repo.maven.apache.org/maven2/org/springframework/spring-core/6.1.3/spring-core-6.1.3.jar
2024-02-01 20:18:11,129 [Worker-17: Building] INFO  o.e.m.c.i.e.AbstractTransferListenerAdapter - Downloaded https://repo.maven.apache.org/maven2/org/springframework/spring-core/6.1.3/spring-core-6.1.3.jar
2024-02-01 20:18:11,177 [BasicRepositoryConnector-repo.maven.apache.org-0-0] INFO  o.e.m.c.i.e.AbstractTransferListenerAdapter - Downloading https://repo.maven.apache.org/maven2/org/springframework/spring-jcl/6.1.3/spring-jcl-6.1.3.jar
2024-02-01 20:18:11,184 [BasicRepositoryConnector-repo.maven.apache.org-0-0] INFO  o.e.m.c.i.e.AbstractTransferListenerAdapter - Downloaded https://repo.maven.apache.org/maven2/org/springframework/spring-jcl/6.1.3/spring-jcl-6.1.3.jar
2024-02-01 20:18:12,791 [Worker-3: Download sources and javadoc] INFO  o.e.m.c.i.e.AbstractTransferListenerAdapter - Downloading https://repo.maven.apache.org/maven2/org/springframework/spring-core/6.1.3/spring-core-6.1.3-sources.jar
2024-02-01 20:18:13,127 [Worker-3: Download sources and javadoc] INFO  o.e.m.c.i.e.AbstractTransferListenerAdapter - Downloaded https://repo.maven.apache.org/maven2/org/springframework/spring-core/6.1.3/spring-core-6.1.3-sources.jar
2024-02-01 20:18:13,134 [Worker-3: Download sources and javadoc] INFO  o.e.m.j.internal.DownloadSourcesJob - Downloaded sources for org.springframework:spring-core:6.1.3
2024-02-01 20:18:13,323 [Worker-3: Download sources and javadoc] INFO  o.e.m.c.i.e.AbstractTransferListenerAdapter - Downloading https://repo.maven.apache.org/maven2/org/springframework/spring-jcl/6.1.3/spring-jcl-6.1.3-sources.jar
2024-02-01 20:18:13,330 [Worker-3: Download sources and javadoc] INFO  o.e.m.c.i.e.AbstractTransferListenerAdapter - Downloaded https://repo.maven.apache.org/maven2/org/springframework/spring-jcl/6.1.3/spring-jcl-6.1.3-sources.jar
2024-02-01 20:18:13,335 [Worker-3: Download sources and javadoc] INFO  o.e.m.j.internal.DownloadSourcesJob - Downloaded sources for org.springframework:spring-jcl:6.1.3
2024-02-01 20:18:13,735 [Worker-17: Building] INFO  o.a.m.s.f.DefaultMavenResourcesFiltering - skip non existing resourceDirectory C:\10710-11\first-spring-app\src\main\resources
2024-02-01 20:18:13,741 [Worker-17: Building] INFO  o.a.m.s.f.DefaultMavenResourcesFiltering - skip non existing resourceDirectory C:\10710-11\first-spring-app\src\test\resources
2024-02-01 20:19:03,678 [Worker-20: Building] INFO  o.e.m.c.i.l.LifecycleMappingFactory - Using org.eclipse.m2e.jdt.JarLifecycleMapping lifecycle mapping for MavenProject: com.test.spring:first-spring-app:0.0.1-SNAPSHOT @ C:\10710-11\first-spring-app\pom.xml.
2024-02-01 20:19:04,819 [Worker-20: Building] INFO  o.a.m.s.f.DefaultMavenResourcesFiltering - skip non existing resourceDirectory C:\10710-11\first-spring-app\src\main\resources
2024-02-01 20:19:04,824 [Worker-20: Building] INFO  o.a.m.s.f.DefaultMavenResourcesFiltering - skip non existing resourceDirectory C:\10710-11\first-spring-app\src\test\resources
2024-02-01 20:21:31,450 [Worker-18: Building] INFO  o.a.m.s.f.DefaultMavenResourcesFiltering - skip non existing resourceDirectory C:\10710-11\first-spring-app\src\main\resources
2024-02-01 20:21:31,454 [Worker-18: Building] INFO  o.a.m.s.f.DefaultMavenResourcesFiltering - skip non existing resourceDirectory C:\10710-11\first-spring-app\src\test\resources
2024-02-01 20:24:31,811 [Worker-20: Building] INFO  o.a.m.s.f.DefaultMavenResourcesFiltering - skip non existing resourceDirectory C:\10710-11\first-spring-app\src\main\resources
2024-02-01 20:24:31,815 [Worker-20: Building] INFO  o.a.m.s.f.DefaultMavenResourcesFiltering - skip non existing resourceDirectory C:\10710-11\first-spring-app\src\test\resources
2024-02-01 21:13:17,312 [Worker-25: Building] INFO  o.a.m.s.f.DefaultMavenResourcesFiltering - skip non existing resourceDirectory C:\10710-11\first-spring-app\src\main\resources
2024-02-01 21:13:17,316 [Worker-25: Building] INFO  o.a.m.s.f.DefaultMavenResourcesFiltering - skip non existing resourceDirectory C:\10710-11\first-spring-app\src\test\resources
2024-02-01 21:17:32,251 [Worker-32: Building] INFO  o.a.m.s.f.DefaultMavenResourcesFiltering - skip non existing resourceDirectory C:\10710-11\first-spring-app\src\main\resources
2024-02-01 21:17:32,271 [Worker-32: Building] INFO  o.a.m.s.f.DefaultMavenResourcesFiltering - skip non existing resourceDirectory C:\10710-11\first-spring-app\src\test\resources
2024-02-01 21:25:50,089 [Worker-36: Building] INFO  o.a.m.s.f.DefaultMavenResourcesFiltering - skip non existing resourceDirectory C:\10710-11\first-spring-app\src\main\resources
2024-02-01 21:25:50,094 [Worker-36: Building] INFO  o.a.m.s.f.DefaultMavenResourcesFiltering - skip non existing resourceDirectory C:\10710-11\first-spring-app\src\test\resources
2024-02-01 21:26:48,479 [Worker-37: Building] INFO  o.a.m.s.f.DefaultMavenResourcesFiltering - skip non existing resourceDirectory C:\10710-11\first-spring-app\src\main\resources
2024-02-01 21:26:48,483 [Worker-37: Building] INFO  o.a.m.s.f.DefaultMavenResourcesFiltering - skip non existing resourceDirectory C:\10710-11\first-spring-app\src\test\resources
2024-02-01 21:29:26,421 [Worker-35: Updating Maven Project] INFO  o.e.m.c.i.p.ProjectConfigurationManager - Update started
2024-02-01 21:29:30,227 [Worker-35: Updating Maven Project] INFO  o.e.m.c.i.l.LifecycleMappingFactory - Using org.eclipse.m2e.jdt.JarLifecycleMapping lifecycle mapping for MavenProject: com.test.spring:first-spring-app:0.0.1-SNAPSHOT @ C:\10710-11\first-spring-app\pom.xml.
2024-02-01 21:29:31,288 [Worker-35: Updating Maven Project] INFO  o.e.m.j.i.AbstractJavaProjectConfigurator - Adding source folder /first-spring-app/src/main/java
2024-02-01 21:29:31,289 [Worker-35: Updating Maven Project] INFO  o.e.m.j.i.AbstractJavaProjectConfigurator - Adding resource folder /first-spring-app/src/main/resources
2024-02-01 21:29:31,289 [Worker-35: Updating Maven Project] INFO  o.e.m.j.i.AbstractJavaProjectConfigurator - Adding source folder /first-spring-app/src/test/java
2024-02-01 21:29:31,289 [Worker-35: Updating Maven Project] INFO  o.e.m.j.i.AbstractJavaProjectConfigurator - Adding resource folder /first-spring-app/src/test/resources
2024-02-01 21:29:33,340 [Worker-35: Updating Maven Project] INFO  o.e.m.c.i.p.ProjectConfigurationManager - Update completed for 1 poms: local refresh takes 0.00 sec, refresh facades takes 4.00 sec, update config takes 1.00 sec 
2024-02-01 21:29:33,907 [Worker-33: Building] INFO  o.a.m.s.f.DefaultMavenResourcesFiltering - skip non existing resourceDirectory C:\10710-11\first-spring-app\src\main\resources
2024-02-01 21:29:33,918 [Worker-33: Building] INFO  o.a.m.s.f.DefaultMavenResourcesFiltering - skip non existing resourceDirectory C:\10710-11\first-spring-app\src\test\resources
2024-02-01 21:30:27,876 [Worker-39: Building] INFO  o.e.m.c.i.l.LifecycleMappingFactory - Using org.eclipse.m2e.jdt.JarLifecycleMapping lifecycle mapping for MavenProject: com.test.spring:first-spring-app:0.0.1-SNAPSHOT @ C:\10710-11\first-spring-app\pom.xml.
2024-02-01 21:30:28,128 [Worker-39: Building] INFO  o.e.m.c.i.e.AbstractTransferListenerAdapter - Downloading https://repo.maven.apache.org/maven2/org/springframework/spring-context/6.1.3/spring-context-6.1.3.pom
2024-02-01 21:30:28,169 [Worker-39: Building] INFO  o.e.m.c.i.e.AbstractTransferListenerAdapter - Downloaded https://repo.maven.apache.org/maven2/org/springframework/spring-context/6.1.3/spring-context-6.1.3.pom
2024-02-01 21:30:29,134 [Worker-39: Building] INFO  o.e.m.c.i.e.AbstractTransferListenerAdapter - Downloading https://repo.maven.apache.org/maven2/org/springframework/spring-aop/6.1.3/spring-aop-6.1.3.pom
2024-02-01 21:30:29,219 [Worker-39: Building] INFO  o.e.m.c.i.e.AbstractTransferListenerAdapter - Downloaded https://repo.maven.apache.org/maven2/org/springframework/spring-aop/6.1.3/spring-aop-6.1.3.pom
2024-02-01 21:30:29,295 [Worker-39: Building] INFO  o.e.m.c.i.e.AbstractTransferListenerAdapter - Downloading https://repo.maven.apache.org/maven2/org/springframework/spring-beans/6.1.3/spring-beans-6.1.3.pom
2024-02-01 21:30:29,308 [Worker-39: Building] INFO  o.e.m.c.i.e.AbstractTransferListenerAdapter - Downloaded https://repo.maven.apache.org/maven2/org/springframework/spring-beans/6.1.3/spring-beans-6.1.3.pom
2024-02-01 21:30:29,506 [Worker-39: Building] INFO  o.e.m.c.i.e.AbstractTransferListenerAdapter - Downloading https://repo.maven.apache.org/maven2/org/springframework/spring-expression/6.1.3/spring-expression-6.1.3.pom
2024-02-01 21:30:29,511 [Worker-39: Building] INFO  o.e.m.c.i.e.AbstractTransferListenerAdapter - Downloaded https://repo.maven.apache.org/maven2/org/springframework/spring-expression/6.1.3/spring-expression-6.1.3.pom
2024-02-01 21:30:29,619 [Worker-39: Building] INFO  o.e.m.c.i.e.AbstractTransferListenerAdapter - Downloading https://repo.maven.apache.org/maven2/io/micrometer/micrometer-observation/1.12.2/micrometer-observation-1.12.2.pom
2024-02-01 21:30:29,625 [Worker-39: Building] INFO  o.e.m.c.i.e.AbstractTransferListenerAdapter - Downloaded https://repo.maven.apache.org/maven2/io/micrometer/micrometer-observation/1.12.2/micrometer-observation-1.12.2.pom
2024-02-01 21:30:29,825 [Worker-39: Building] INFO  o.e.m.c.i.e.AbstractTransferListenerAdapter - Downloading https://repo.maven.apache.org/maven2/io/micrometer/micrometer-commons/1.12.2/micrometer-commons-1.12.2.pom
2024-02-01 21:30:29,832 [Worker-39: Building] INFO  o.e.m.c.i.e.AbstractTransferListenerAdapter - Downloaded https://repo.maven.apache.org/maven2/io/micrometer/micrometer-commons/1.12.2/micrometer-commons-1.12.2.pom
2024-02-01 21:30:29,997 [Worker-39: Building] INFO  o.e.m.c.i.e.AbstractTransferListenerAdapter - Downloading https://repo.maven.apache.org/maven2/org/springframework/spring-context/6.1.3/spring-context-6.1.3.jar
2024-02-01 21:30:30,298 [Worker-39: Building] INFO  o.e.m.c.i.e.AbstractTransferListenerAdapter - Downloaded https://repo.maven.apache.org/maven2/org/springframework/spring-context/6.1.3/spring-context-6.1.3.jar
2024-02-01 21:30:30,423 [BasicRepositoryConnector-repo.maven.apache.org-1-3] INFO  o.e.m.c.i.e.AbstractTransferListenerAdapter - Downloading https://repo.maven.apache.org/maven2/io/micrometer/micrometer-observation/1.12.2/micrometer-observation-1.12.2.jar
2024-02-01 21:30:30,427 [BasicRepositoryConnector-repo.maven.apache.org-1-4] INFO  o.e.m.c.i.e.AbstractTransferListenerAdapter - Downloading https://repo.maven.apache.org/maven2/io/micrometer/micrometer-commons/1.12.2/micrometer-commons-1.12.2.jar
2024-02-01 21:30:30,430 [BasicRepositoryConnector-repo.maven.apache.org-1-2] INFO  o.e.m.c.i.e.AbstractTransferListenerAdapter - Downloading https://repo.maven.apache.org/maven2/org/springframework/spring-expression/6.1.3/spring-expression-6.1.3.jar
2024-02-01 21:30:30,430 [BasicRepositoryConnector-repo.maven.apache.org-1-3] INFO  o.e.m.c.i.e.AbstractTransferListenerAdapter - Downloaded https://repo.maven.apache.org/maven2/io/micrometer/micrometer-observation/1.12.2/micrometer-observation-1.12.2.jar
2024-02-01 21:30:30,440 [BasicRepositoryConnector-repo.maven.apache.org-1-1] INFO  o.e.m.c.i.e.AbstractTransferListenerAdapter - Downloading https://repo.maven.apache.org/maven2/org/springframework/spring-beans/6.1.3/spring-beans-6.1.3.jar
2024-02-01 21:30:30,443 [BasicRepositoryConnector-repo.maven.apache.org-1-0] INFO  o.e.m.c.i.e.AbstractTransferListenerAdapter - Downloading https://repo.maven.apache.org/maven2/org/springframework/spring-aop/6.1.3/spring-aop-6.1.3.jar
2024-02-01 21:30:30,473 [BasicRepositoryConnector-repo.maven.apache.org-1-4] INFO  o.e.m.c.i.e.AbstractTransferListenerAdapter - Downloaded https://repo.maven.apache.org/maven2/io/micrometer/micrometer-commons/1.12.2/micrometer-commons-1.12.2.jar
2024-02-01 21:30:30,618 [BasicRepositoryConnector-repo.maven.apache.org-1-2] INFO  o.e.m.c.i.e.AbstractTransferListenerAdapter - Downloaded https://repo.maven.apache.org/maven2/org/springframework/spring-expression/6.1.3/spring-expression-6.1.3.jar
2024-02-01 21:30:30,682 [BasicRepositoryConnector-repo.maven.apache.org-1-0] INFO  o.e.m.c.i.e.AbstractTransferListenerAdapter - Downloaded https://repo.maven.apache.org/maven2/org/springframework/spring-aop/6.1.3/spring-aop-6.1.3.jar
2024-02-01 21:30:30,791 [BasicRepositoryConnector-repo.maven.apache.org-1-1] INFO  o.e.m.c.i.e.AbstractTransferListenerAdapter - Downloaded https://repo.maven.apache.org/maven2/org/springframework/spring-beans/6.1.3/spring-beans-6.1.3.jar
2024-02-01 21:30:32,052 [Worker-38: Download sources and javadoc] INFO  o.e.m.c.i.e.AbstractTransferListenerAdapter - Downloading https://repo.maven.apache.org/maven2/org/springframework/spring-context/6.1.3/spring-context-6.1.3-sources.jar
2024-02-01 21:30:32,299 [Worker-38: Download sources and javadoc] INFO  o.e.m.c.i.e.AbstractTransferListenerAdapter - Downloaded https://repo.maven.apache.org/maven2/org/springframework/spring-context/6.1.3/spring-context-6.1.3-sources.jar
2024-02-01 21:30:32,306 [Worker-38: Download sources and javadoc] INFO  o.e.m.j.internal.DownloadSourcesJob - Downloaded sources for org.springframework:spring-context:6.1.3
2024-02-01 21:30:32,439 [Worker-38: Download sources and javadoc] INFO  o.e.m.c.i.e.AbstractTransferListenerAdapter - Downloading https://repo.maven.apache.org/maven2/org/springframework/spring-aop/6.1.3/spring-aop-6.1.3-sources.jar
2024-02-01 21:30:32,582 [Worker-38: Download sources and javadoc] INFO  o.e.m.c.i.e.AbstractTransferListenerAdapter - Downloaded https://repo.maven.apache.org/maven2/org/springframework/spring-aop/6.1.3/spring-aop-6.1.3-sources.jar
2024-02-01 21:30:32,588 [Worker-38: Download sources and javadoc] INFO  o.e.m.j.internal.DownloadSourcesJob - Downloaded sources for org.springframework:spring-aop:6.1.3
2024-02-01 21:30:32,715 [Worker-38: Download sources and javadoc] INFO  o.e.m.c.i.e.AbstractTransferListenerAdapter - Downloading https://repo.maven.apache.org/maven2/org/springframework/spring-beans/6.1.3/spring-beans-6.1.3-sources.jar
2024-02-01 21:30:32,821 [Worker-39: Building] INFO  o.a.m.s.f.DefaultMavenResourcesFiltering - skip non existing resourceDirectory C:\10710-11\first-spring-app\src\main\resources
2024-02-01 21:30:32,827 [Worker-39: Building] INFO  o.a.m.s.f.DefaultMavenResourcesFiltering - skip non existing resourceDirectory C:\10710-11\first-spring-app\src\test\resources
2024-02-01 21:30:32,911 [Worker-38: Download sources and javadoc] INFO  o.e.m.c.i.e.AbstractTransferListenerAdapter - Downloaded https://repo.maven.apache.org/maven2/org/springframework/spring-beans/6.1.3/spring-beans-6.1.3-sources.jar
2024-02-01 21:30:32,916 [Worker-38: Download sources and javadoc] INFO  o.e.m.j.internal.DownloadSourcesJob - Downloaded sources for org.springframework:spring-beans:6.1.3
2024-02-01 21:30:33,072 [Worker-38: Download sources and javadoc] INFO  o.e.m.c.i.e.AbstractTransferListenerAdapter - Downloading https://repo.maven.apache.org/maven2/org/springframework/spring-expression/6.1.3/spring-expression-6.1.3-sources.jar
2024-02-01 21:30:33,212 [Worker-38: Download sources and javadoc] INFO  o.e.m.c.i.e.AbstractTransferListenerAdapter - Downloaded https://repo.maven.apache.org/maven2/org/springframework/spring-expression/6.1.3/spring-expression-6.1.3-sources.jar
2024-02-01 21:30:33,218 [Worker-38: Download sources and javadoc] INFO  o.e.m.j.internal.DownloadSourcesJob - Downloaded sources for org.springframework:spring-expression:6.1.3
2024-02-01 21:30:33,386 [Worker-38: Download sources and javadoc] INFO  o.e.m.c.i.e.AbstractTransferListenerAdapter - Downloading https://repo.maven.apache.org/maven2/io/micrometer/micrometer-observation/1.12.2/micrometer-observation-1.12.2-sources.jar
2024-02-01 21:30:33,442 [Worker-38: Download sources and javadoc] INFO  o.e.m.c.i.e.AbstractTransferListenerAdapter - Downloaded https://repo.maven.apache.org/maven2/io/micrometer/micrometer-observation/1.12.2/micrometer-observation-1.12.2-sources.jar
2024-02-01 21:30:33,448 [Worker-38: Download sources and javadoc] INFO  o.e.m.j.internal.DownloadSourcesJob - Downloaded sources for io.micrometer:micrometer-observation:1.12.2
2024-02-01 21:30:33,602 [Worker-38: Download sources and javadoc] INFO  o.e.m.c.i.e.AbstractTransferListenerAdapter - Downloading https://repo.maven.apache.org/maven2/io/micrometer/micrometer-commons/1.12.2/micrometer-commons-1.12.2-sources.jar
2024-02-01 21:30:33,644 [Worker-38: Download sources and javadoc] INFO  o.e.m.c.i.e.AbstractTransferListenerAdapter - Downloaded https://repo.maven.apache.org/maven2/io/micrometer/micrometer-commons/1.12.2/micrometer-commons-1.12.2-sources.jar
2024-02-01 21:30:33,660 [Worker-38: Download sources and javadoc] INFO  o.e.m.j.internal.DownloadSourcesJob - Downloaded sources for io.micrometer:micrometer-commons:1.12.2
2024-02-01 21:30:34,986 [Worker-39: Building] INFO  o.a.m.s.f.DefaultMavenResourcesFiltering - skip non existing resourceDirectory C:\10710-11\first-spring-app\src\main\resources
2024-02-01 21:30:34,990 [Worker-39: Building] INFO  o.a.m.s.f.DefaultMavenResourcesFiltering - skip non existing resourceDirectory C:\10710-11\first-spring-app\src\test\resources
2024-02-01 21:31:59,773 [Worker-41: Building] INFO  o.a.m.s.f.DefaultMavenResourcesFiltering - skip non existing resourceDirectory C:\10710-11\first-spring-app\src\main\resources
2024-02-01 21:31:59,776 [Worker-41: Building] INFO  o.a.m.s.f.DefaultMavenResourcesFiltering - skip non existing resourceDirectory C:\10710-11\first-spring-app\src\test\resources
2024-02-01 21:33:15,306 [Worker-43: Launching App (1)] INFO  o.a.m.s.f.DefaultMavenResourcesFiltering - skip non existing resourceDirectory C:\10710-11\first-spring-app\src\main\resources
2024-02-01 21:33:15,311 [Worker-43: Launching App (1)] INFO  o.a.m.s.f.DefaultMavenResourcesFiltering - skip non existing resourceDirectory C:\10710-11\first-spring-app\src\test\resources
2024-02-01 21:35:25,823 [Worker-44: Building] INFO  o.a.m.s.f.DefaultMavenResourcesFiltering - skip non existing resourceDirectory C:\10710-11\first-spring-app\src\main\resources
2024-02-01 21:35:25,829 [Worker-44: Building] INFO  o.a.m.s.f.DefaultMavenResourcesFiltering - skip non existing resourceDirectory C:\10710-11\first-spring-app\src\test\resources
2024-02-01 21:49:39,222 [Worker-38: Building] INFO  o.a.m.s.f.DefaultMavenResourcesFiltering - skip non existing resourceDirectory C:\10710-11\first-spring-app\src\main\resources
2024-02-01 21:49:39,227 [Worker-38: Building] INFO  o.a.m.s.f.DefaultMavenResourcesFiltering - skip non existing resourceDirectory C:\10710-11\first-spring-app\src\test\resources
2024-02-01 22:05:06,047 [Worker-55: Building] INFO  o.a.m.s.f.DefaultMavenResourcesFiltering - skip non existing resourceDirectory C:\10710-11\first-spring-app\src\main\resources
2024-02-01 22:05:06,051 [Worker-55: Building] INFO  o.a.m.s.f.DefaultMavenResourcesFiltering - skip non existing resourceDirectory C:\10710-11\first-spring-app\src\test\resources
2024-02-01 22:05:07,533 [Worker-54: Building] INFO  o.a.m.s.f.DefaultMavenResourcesFiltering - skip non existing resourceDirectory C:\10710-11\first-spring-app\src\main\resources
2024-02-01 22:05:07,537 [Worker-54: Building] INFO  o.a.m.s.f.DefaultMavenResourcesFiltering - skip non existing resourceDirectory C:\10710-11\first-spring-app\src\test\resources
